FIFIF
FIFIR
FIFIT
FIFIY
FIFIf
FIFIr
FIFIt
FIFIy
FIFiF
FIFiR
FIFiT
FIFiY
FIFif
FIFir
FIFit
FIFiy
FIIF
FIIR
FIIT
FIIY
FIIf
FIIr
FIIt
FIIy
FIRIF
FIRIR
FIRIT
FIRIY
FIRIf
FIRIr
FIRIt
FIRIy
FIRiF
FIRiR
FIRiT
FIRiY
FIRif
FIRir
FIRit
FIRiy
FITIF
FITIR
FITIT
FITIY
FITIf
FITIr
FITIt
FITIy
FITiF
FITiR
FITiT
FITiY
FITif
FITir
FITit
FITiy
FIYIF
FIYIR
FIYIT
FIYIY
FIYIf
FIYIr
FIYIt
FIYIy
FIYiF
FIYiR
FIYiT
FIYiY
FIYif
FIYir
FIYit
FIYiy
FIfIF
FIfIR
FIfIT
FIfIY
FIfIf
FIfIr
FIfIt
FIfIy
FIfiF
FIfiR
FIfiT
FIfiY
FIfif
FIfir
FIfit
FIfiy
FIiF
FIiR
FIiT
FIiY
FIif
FIir
FIit
FIiy
FIrIF
FIrIR
FIrIT
FIrIY
FIrIf
FIrIr
FIrIt
FIrIy
FIriF
FIriR
FIriT
FIriY
FIrif
FIrir
FIrit
FIriy
FItIF
FItIR
FItIT
FItIY
FItIf
FItIr
FItIt
FItIy
FItiF
FItiR
FItiT
FItiY
FItif
FItir
FItit
FItiy
FIyIF
FIyIR
FIyIT
FIyIY
FIyIf
FIyIr
FIyIt
FIyIy
FIyiF
FIyiR
FIyiT
FIyiY
FIyif
FIyir
FIyit
FIyiy
FiFIF
FiFIR
FiFIT
FiFIY
FiFIf
FiFIr
FiFIt
FiFIy
FiFiF
FiFiR
FiFiT
FiFiY
FiFif
FiFir
FiFit
FiFiy
FiIF
FiIR
FiIT
FiIY
FiIf
FiIr
FiIt
FiIy
FiRIF
FiRIR
FiRIT
FiRIY
FiRIf
FiRIr
FiRIt
FiRIy
FiRiF
FiRiR
FiRiT
FiRiY
FiRif
FiRir
FiRit
FiRiy
FiTIF
FiTIR
FiTIT
FiTIY
FiTIf
FiTIr
FiTIt
FiTIy
FiTiF
FiTiR
FiTiT
FiTiY
FiTif
FiTir
FiTit
FiTiy
FiYIF
FiYIR
FiYIT
FiYIY
FiYIf
FiYIr
FiYIt
FiYIy
FiYiF
FiYiR
FiYiT
FiYiY
FiYif
FiYir
FiYit
FiYiy
FifIF
FifIR
FifIT
FifIY
FifIf
FifIr
FifIt
FifIy
FifiF
FifiR
FifiT
FifiY
Fifif
Fifir
Fifit
Fifiy
FiiF
FiiR
FiiT
FiiY
Fiif
Fiir
Fiit
Fiiy
FirIF
FirIR
FirIT
FirIY
FirIf
FirIr
FirIt
FirIy
FiriF
FiriR
FiriT
FiriY
Firif
Firir
Firit
Firiy
FitIF
FitIR
FitIT
FitIY
FitIf
FitIr
FitIt
FitIy
FitiF
FitiR
FitiT
FitiY
Fitif
Fitir
Fitit
Fitiy
FiyIF
FiyIR
FiyIT
FiyIY
FiyIf
FiyIr
FiyIt
FiyIy
FiyiF
FiyiR
FiyiT
FiyiY
Fiyif
Fiyir
Fiyit
Fiyiy
RIFIF
RIFIR
RIFIT
RIFIY
RIFIf
RIFIr
RIFIt
RIFIy
RIFiF
RIFiR
RIFiT
RIFiY
RIFif
RIFir
RIFit
RIFiy
RIIF
RIIR
RIIT
RIIY
RIIf
RIIr
RIIt
RIIy
RIRIF
RIRIR
RIRIT
RIRIY
RIRIf
RIRIr
RIRIt
RIRIy
RIRiF
RIRiR
RIRiT
RIRiY
RIRif
RIRir
RIRit
RIRiy
RITIF
RITIR
RITIT
RITIY
RITIf
RITIr
RITIt
RITIy
RITiF
RITiR
RITiT
RITiY
RITif
RITir
RITit
RITiy
RIYIF
RIYIR
RIYIT
RIYIY
RIYIf
RIYIr
RIYIt
RIYIy
RIYiF
RIYiR
RIYiT
RIYiY
RIYif
RIYir
RIYit
RIYiy
RIfIF
RIfIR
RIfIT
RIfIY
RIfIf
RIfIr
RIfIt
RIfIy
RIfiF
RIfiR
RIfiT
RIfiY
RIfif
RIfir
RIfit
RIfiy
RIiF
RIiR
RIiT
RIiY
RIif
RIir
RIit
RIiy
RIrIF
RIrIR
RIrIT
RIrIY
RIrIf
RIrIr
RIrIt
RIrIy
RIriF
RIriR
RIriT
RIriY
RIrif
RIrir
RIrit
RIriy
RItIF
RItIR
RItIT
RItIY
RItIf
RItIr
RItIt
RItIy
RItiF
RItiR
RItiT
RItiY
RItif
RItir
RItit
RItiy
RIyIF
RIyIR
RIyIT
RIyIY
RIyIf
RIyIr
RIyIt
RIyIy
RIyiF
RIyiR
RIyiT
RIyiY
RIyif
RIyir
RIyit
RIyiy
RiFIF
RiFIR
RiFIT
RiFIY
RiFIf
RiFIr
RiFIt
RiFIy
RiFiF
RiFiR
RiFiT
RiFiY
RiFif
RiFir
RiFit
RiFiy
RiIF
RiIR
RiIT
RiIY
RiIf
RiIr
RiIt
RiIy
RiRIF
RiRIR
RiRIT
RiRIY
RiRIf
RiRIr
RiRIt
RiRIy
RiRiF
RiRiR
RiRiT
RiRiY
RiRif
RiRir
RiRit
RiRiy
RiTIF
RiTIR
RiTIT
RiTIY
RiTIf
RiTIr
RiTIt
RiTIy
RiTiF
RiTiR
RiTiT
RiTiY
RiTif
RiTir
RiTit
RiTiy
RiYIF
RiYIR
RiYIT
RiYIY
RiYIf
RiYIr
RiYIt
RiYIy
RiYiF
RiYiR
RiYiT
RiYiY
RiYif
RiYir
RiYit
RiYiy
RifIF
RifIR
RifIT
RifIY
RifIf
RifIr
RifIt
RifIy
RifiF
RifiR
RifiT
RifiY
Rifif
Rifir
Rifit
Rifiy
RiiF
RiiR
RiiT
RiiY
Riif
Riir
Riit
Riiy
RirIF
RirIR
RirIT
RirIY
RirIf
RirIr
RirIt
RirIy
RiriF
RiriR
RiriT
RiriY
Ririf
Ririr
Ririt
Ririy
RitIF
RitIR
RitIT
RitIY
RitIf
RitIr
RitIt
RitIy
RitiF
RitiR
RitiT
RitiY
Ritif
Ritir
Ritit
Ritiy
RiyIF
RiyIR
RiyIT
RiyIY
RiyIf
RiyIr
RiyIt
RiyIy
RiyiF
RiyiR
RiyiT
RiyiY
Riyif
Riyir
Riyit
Riyiy
TIFIF
TIFIR
TIFIT
TIFIY
TIFIf
TIFIr
TIFIt
TIFIy
TIFiF
TIFiR
TIFiT
TIFiY
TIFif
TIFir
TIFit
TIFiy
TIIF
TIIR
TIIT
TIIY
TIIf
TIIr
TIIt
TIIy
TIRIF
TIRIR
TIRIT
TIRIY
TIRIf
TIRIr
TIRIt
TIRIy
TIRiF
TIRiR
TIRiT
TIRiY
TIRif
TIRir
TIRit
TIRiy
TITIF
TITIR
TITIT
TITIY
TITIf
TITIr
TITIt
TITIy
TITiF
TITiR
TITiT
TITiY
TITif
TITir
TITit
TITiy
TIYIF
TIYIR
TIYIT
TIYIY
TIYIf
TIYIr
TIYIt
TIYIy
TIYiF
TIYiR
TIYiT
TIYiY
TIYif
TIYir
TIYit
TIYiy
TIfIF
TIfIR
TIfIT
TIfIY
TIfIf
TIfIr
TIfIt
TIfIy
TIfiF
TIfiR
TIfiT
TIfiY
TIfif
TIfir
TIfit
TIfiy
TIiF
TIiR
TIiT
TIiY
TIif
TIir
TIit
TIiy
TIrIF
TIrIR
TIrIT
TIrIY
TIrIf
TIrIr
TIrIt
TIrIy
TIriF
TIriR
TIriT
TIriY
TIrif
TIrir
TIrit
TIriy
TItIF
TItIR
TItIT
TItIY
TItIf
TItIr
TItIt
TItIy
TItiF
TItiR
TItiT
TItiY
TItif
TItir
TItit
TItiy
TIyIF
TIyIR
TIyIT
TIyIY
TIyIf
TIyIr
TIyIt
TIyIy
TIyiF
TIyiR
TIyiT
TIyiY
TIyif
TIyir
TIyit
TIyiy
TiFIF
TiFIR
TiFIT
TiFIY
TiFIf
TiFIr
TiFIt
TiFIy
TiFiF
TiFiR
TiFiT
TiFiY
TiFif
TiFir
TiFit
TiFiy
TiIF
TiIR
TiIT
TiIY
TiIf
TiIr
TiIt
TiIy
TiRIF
TiRIR
TiRIT
TiRIY
TiRIf
TiRIr
TiRIt
TiRIy
TiRiF
TiRiR
TiRiT
TiRiY
TiRif
TiRir
TiRit
TiRiy
TiTIF
TiTIR
TiTIT
TiTIY
TiTIf
TiTIr
TiTIt
TiTIy
TiTiF
TiTiR
TiTiT
TiTiY
TiTif
TiTir
TiTit
TiTiy
TiYIF
TiYIR
TiYIT
TiYIY
TiYIf
TiYIr
TiYIt
TiYIy
TiYiF
TiYiR
TiYiT
TiYiY
TiYif
TiYir
TiYit
TiYiy
TifIF
TifIR
TifIT
TifIY
TifIf
TifIr
TifIt
TifIy
TifiF
TifiR
TifiT
TifiY
Tifif
Tifir
Tifit
Tifiy
TiiF
TiiR
TiiT
TiiY
Tiif
Tiir
Tiit
Tiiy
TirIF
TirIR
TirIT
TirIY
TirIf
TirIr
TirIt
TirIy
TiriF
TiriR
TiriT
TiriY
Tirif
Tirir
Tirit
Tiriy
TitIF
TitIR
TitIT
TitIY
TitIf
TitIr
TitIt
TitIy
TitiF
TitiR
TitiT
TitiY
Titif
Titir
Titit
Titiy
TiyIF
TiyIR
TiyIT
TiyIY
TiyIf
TiyIr
TiyIt
TiyIy
TiyiF
TiyiR
TiyiT
TiyiY
Tiyif
Tiyir
Tiyit
Tiyiy
YIFIF
YIFIR
YIFIT
YIFIY
YIFIf
YIFIr
YIFIt
YIFIy
YIFiF
YIFiR
YIFiT
YIFiY
YIFif
YIFir
YIFit
YIFiy
YIIF
YIIR
YIIT
YIIY
YIIf
YIIr
YIIt
YIIy
YIRIF
YIRIR
YIRIT
YIRIY
YIRIf
YIRIr
YIRIt
YIRIy
YIRiF
YIRiR
YIRiT
YIRiY
YIRif
YIRir
YIRit
YIRiy
YITIF
YITIR
YITIT
YITIY
YITIf
YITIr
YITIt
YITIy
YITiF
YITiR
YITiT
YITiY
YITif
YITir
YITit
YITiy
YIYIF
YIYIR
YIYIT
YIYIY
YIYIf
YIYIr
YIYIt
YIYIy
YIYiF
YIYiR
YIYiT
YIYiY
YIYif
YIYir
YIYit
YIYiy
YIfIF
YIfIR
YIfIT
YIfIY
YIfIf
YIfIr
YIfIt
YIfIy
YIfiF
YIfiR
YIfiT
YIfiY
YIfif
YIfir
YIfit
YIfiy
YIiF
YIiR
YIiT
YIiY
YIif
YIir
YIit
YIiy
YIrIF
YIrIR
YIrIT
YIrIY
YIrIf
YIrIr
YIrIt
YIrIy
YIriF
YIriR
YIriT
YIriY
YIrif
YIrir
YIrit
YIriy
YItIF
YItIR
YItIT
YItIY
YItIf
YItIr
YItIt
YItIy
YItiF
YItiR
YItiT
YItiY
YItif
YItir
YItit
YItiy
YIyIF
YIyIR
YIyIT
YIyIY
YIyIf
YIyIr
YIyIt
YIyIy
YIyiF
YIyiR
YIyiT
YIyiY
YIyif
YIyir
YIyit
YIyiy
YiFIF
YiFIR
YiFIT
YiFIY
YiFIf
YiFIr
YiFIt
YiFIy
YiFiF
YiFiR
YiFiT
YiFiY
YiFif
YiFir
YiFit
YiFiy
YiIF
YiIR
YiIT
YiIY
YiIf
YiIr
YiIt
YiIy
YiRIF
YiRIR
YiRIT
YiRIY
YiRIf
YiRIr
YiRIt
YiRIy
YiRiF
YiRiR
YiRiT
YiRiY
YiRif
YiRir
YiRit
YiRiy
YiTIF
YiTIR
YiTIT
YiTIY
YiTIf
YiTIr
YiTIt
YiTIy
YiTiF
YiTiR
YiTiT
YiTiY
YiTif
YiTir
YiTit
YiTiy
YiYIF
YiYIR
YiYIT
YiYIY
YiYIf
YiYIr
YiYIt
YiYIy
YiYiF
YiYiR
YiYiT
YiYiY
YiYif
YiYir
YiYit
YiYiy
YifIF
YifIR
YifIT
YifIY
YifIf
YifIr
YifIt
YifIy
YifiF
YifiR
YifiT
YifiY
Yifif
Yifir
Yifit
Yifiy
YiiF
YiiR
YiiT
YiiY
Yiif
Yiir
Yiit
Yiiy
YirIF
YirIR
YirIT
YirIY
YirIf
YirIr
YirIt
YirIy
YiriF
YiriR
YiriT
YiriY
Yirif
Yirir
Yirit
Yiriy
YitIF
YitIR
YitIT
YitIY
YitIf
YitIr
YitIt
YitIy
YitiF
YitiR
YitiT
YitiY
Yitif
Yitir
Yitit
Yitiy
YiyIF
YiyIR
YiyIT
YiyIY
YiyIf
YiyIr
YiyIt
YiyIy
YiyiF
YiyiR
YiyiT
YiyiY
Yiyif
Yiyir
Yiyit
Yiyiy
fIFIF
fIFIR
fIFIT
fIFIY
fIFIf
fIFIr
fIFIt
fIFIy
fIFiF
fIFiR
fIFiT
fIFiY
fIFif
fIFir
fIFit
fIFiy
fIIF
fIIR
fIIT
fIIY
fIIf
fIIr
fIIt
fIIy
fIRIF
fIRIR
fIRIT
fIRIY
fIRIf
fIRIr
fIRIt
fIRIy
fIRiF
fIRiR
fIRiT
fIRiY
fIRif
fIRir
fIRit
fIRiy
fITIF
fITIR
fITIT
fITIY
fITIf
fITIr
fITIt
fITIy
fITiF
fITiR
fITiT
fITiY
fITif
fITir
fITit
fITiy
fIYIF
fIYIR
fIYIT
fIYIY
fIYIf
fIYIr
fIYIt
fIYIy
fIYiF
fIYiR
fIYiT
fIYiY
fIYif
fIYir
fIYit
fIYiy
fIfIF
fIfIR
fIfIT
fIfIY
fIfIf
fIfIr
fIfIt
fIfIy
fIfiF
fIfiR
fIfiT
fIfiY
fIfif
fIfir
fIfit
fIfiy
fIiF
fIiR
fIiT
fIiY
fIif
fIir
fIit
fIiy
fIrIF
fIrIR
fIrIT
fIrIY
fIrIf
fIrIr
fIrIt
fIrIy
fIriF
fIriR
fIriT
fIriY
fIrif
fIrir
fIrit
fIriy
fItIF
fItIR
fItIT
fItIY
fItIf
fItIr
fItIt
fItIy
fItiF
fItiR
fItiT
fItiY
fItif
fItir
fItit
fItiy
fIyIF
fIyIR
fIyIT
fIyIY
fIyIf
fIyIr
fIyIt
fIyIy
fIyiF
fIyiR
fIyiT
fIyiY
fIyif
fIyir
fIyit
fIyiy
fiFIF
fiFIR
fiFIT
fiFIY
fiFIf
fiFIr
fiFIt
fiFIy
fiFiF
fiFiR
fiFiT
fiFiY
fiFif
fiFir
fiFit
fiFiy
fiIF
fiIR
fiIT
fiIY
fiIf
fiIr
fiIt
fiIy
fiRIF
fiRIR
fiRIT
fiRIY
fiRIf
fiRIr
fiRIt
fiRIy
fiRiF
fiRiR
fiRiT
fiRiY
fiRif
fiRir
fiRit
fiRiy
fiTIF
fiTIR
fiTIT
fiTIY
fiTIf
fiTIr
fiTIt
fiTIy
fiTiF
fiTiR
fiTiT
fiTiY
fiTif
fiTir
fiTit
fiTiy
fiYIF
fiYIR
fiYIT
fiYIY
fiYIf
fiYIr
fiYIt
fiYIy
fiYiF
fiYiR
fiYiT
fiYiY
fiYif
fiYir
fiYit
fiYiy
fifIF
fifIR
fifIT
fifIY
fifIf
fifIr
fifIt
fifIy
fifiF
fifiR
fifiT
fifiY
fifif
fifir
fifit
fifiy
fiiF
fiiR
fiiT
fiiY
fiif
fiir
fiit
fiiy
firIF
firIR
firIT
firIY
firIf
firIr
firIt
firIy
firiF
firiR
firiT
firiY
firif
firir
firit
firiy
fitIF
fitIR
fitIT
fitIY
fitIf
fitIr
fitIt
fitIy
fitiF
fitiR
fitiT
fitiY
fitif
fitir
fitit
fitiy
fiyIF
fiyIR
fiyIT
fiyIY
fiyIf
fiyIr
fiyIt
fiyIy
fiyiF
fiyiR
fiyiT
fiyiY
fiyif
fiyir
fiyit
fiyiy
rIFIF
rIFIR
rIFIT
rIFIY
rIFIf
rIFIr
rIFIt
rIFIy
rIFiF
rIFiR
rIFiT
rIFiY
rIFif
rIFir
rIFit
rIFiy
rIIF
rIIR
rIIT
rIIY
rIIf
rIIr
rIIt
rIIy
rIRIF
rIRIR
rIRIT
rIRIY
rIRIf
rIRIr
rIRIt
rIRIy
rIRiF
rIRiR
rIRiT
rIRiY
rIRif
rIRir
rIRit
rIRiy
rITIF
rITIR
rITIT
rITIY
rITIf
rITIr
rITIt
rITIy
rITiF
rITiR
rITiT
rITiY
rITif
rITir
rITit
rITiy
rIYIF
rIYIR
rIYIT
rIYIY
rIYIf
rIYIr
rIYIt
rIYIy
rIYiF
rIYiR
rIYiT
rIYiY
rIYif
rIYir
rIYit
rIYiy
rIfIF
rIfIR
rIfIT
rIfIY
rIfIf
rIfIr
rIfIt
rIfIy
rIfiF
rIfiR
rIfiT
rIfiY
rIfif
rIfir
rIfit
rIfiy
rIiF
rIiR
rIiT
rIiY
rIif
rIir
rIit
rIiy
rIrIF
rIrIR
rIrIT
rIrIY
rIrIf
rIrIr
rIrIt
rIrIy
rIriF
rIriR
rIriT
rIriY
rIrif
rIrir
rIrit
rIriy
rItIF
rItIR
rItIT
rItIY
rItIf
rItIr
rItIt
rItIy
rItiF
rItiR
rItiT
rItiY
rItif
rItir
rItit
rItiy
rIyIF
rIyIR
rIyIT
rIyIY
rIyIf
rIyIr
rIyIt
rIyIy
rIyiF
rIyiR
rIyiT
rIyiY
rIyif
rIyir
rIyit
rIyiy
riFIF
riFIR
riFIT
riFIY
riFIf
riFIr
riFIt
riFIy
riFiF
riFiR
riFiT
riFiY
riFif
riFir
riFit
riFiy
riIF
riIR
riIT
riIY
riIf
riIr
riIt
riIy
riRIF
riRIR
riRIT
riRIY
riRIf
riRIr
riRIt
riRIy
riRiF
riRiR
riRiT
riRiY
riRif
riRir
riRit
riRiy
riTIF
riTIR
riTIT
riTIY
riTIf
riTIr
riTIt
riTIy
riTiF
riTiR
riTiT
riTiY
riTif
riTir
riTit
riTiy
riYIF
riYIR
riYIT
riYIY
riYIf
riYIr
riYIt
riYIy
riYiF
riYiR
riYiT
riYiY
riYif
riYir
riYit
riYiy
rifIF
rifIR
rifIT
rifIY
rifIf
rifIr
rifIt
rifIy
rifiF
rifiR
rifiT
rifiY
rifif
rifir
rifit
rifiy
riiF
riiR
riiT
riiY
riif
riir
riit
riiy
rirIF
rirIR
rirIT
rirIY
rirIf
rirIr
rirIt
rirIy
ririF
ririR
ririT
ririY
ririf
ririr
ririt
ririy
ritIF
ritIR
ritIT
ritIY
ritIf
ritIr
ritIt
ritIy
ritiF
ritiR
ritiT
ritiY
ritif
ritir
ritit
ritiy
riyIF
riyIR
riyIT
riyIY
riyIf
riyIr
riyIt
riyIy
riyiF
riyiR
riyiT
riyiY
riyif
riyir
riyit
riyiy
tIFIF
tIFIR
tIFIT
tIFIY
tIFIf
tIFIr
tIFIt
tIFIy
tIFiF
tIFiR
tIFiT
tIFiY
tIFif
tIFir
tIFit
tIFiy
tIIF
tIIR
tIIT
tIIY
tIIf
tIIr
tIIt
tIIy
tIRIF
tIRIR
tIRIT
tIRIY
tIRIf
tIRIr
tIRIt
tIRIy
tIRiF
tIRiR
tIRiT
tIRiY
tIRif
tIRir
tIRit
tIRiy
tITIF
tITIR
tITIT
tITIY
tITIf
tITIr
tITIt
tITIy
tITiF
tITiR
tITiT
tITiY
tITif
tITir
tITit
tITiy
tIYIF
tIYIR
tIYIT
tIYIY
tIYIf
tIYIr
tIYIt
tIYIy
tIYiF
tIYiR
tIYiT
tIYiY
tIYif
tIYir
tIYit
tIYiy
tIfIF
tIfIR
tIfIT
tIfIY
tIfIf
tIfIr
tIfIt
tIfIy
tIfiF
tIfiR
tIfiT
tIfiY
tIfif
tIfir
tIfit
tIfiy
tIiF
tIiR
tIiT
tIiY
tIif
tIir
tIit
tIiy
tIrIF
tIrIR
tIrIT
tIrIY
tIrIf
tIrIr
tIrIt
tIrIy
tIriF
tIriR
tIriT
tIriY
tIrif
tIrir
tIrit
tIriy
tItIF
tItIR
tItIT
tItIY
tItIf
tItIr
tItIt
tItIy
tItiF
tItiR
tItiT
tItiY
tItif
tItir
tItit
tItiy
tIyIF
tIyIR
tIyIT
tIyIY
tIyIf
tIyIr
tIyIt
tIyIy
tIyiF
tIyiR
tIyiT
tIyiY
tIyif
tIyir
tIyit
tIyiy
tiFIF
tiFIR
tiFIT
tiFIY
tiFIf
tiFIr
tiFIt
tiFIy
tiFiF
tiFiR
tiFiT
tiFiY
tiFif
tiFir
tiFit
tiFiy
tiIF
tiIR
tiIT
tiIY
tiIf
tiIr
tiIt
tiIy
tiRIF
tiRIR
tiRIT
tiRIY
tiRIf
tiRIr
tiRIt
tiRIy
tiRiF
tiRiR
tiRiT
tiRiY
tiRif
tiRir
tiRit
tiRiy
tiTIF
tiTIR
tiTIT
tiTIY
tiTIf
tiTIr
tiTIt
tiTIy
tiTiF
tiTiR
tiTiT
tiTiY
tiTif
tiTir
tiTit
tiTiy
tiYIF
tiYIR
tiYIT
tiYIY
tiYIf
tiYIr
tiYIt
tiYIy
tiYiF
tiYiR
tiYiT
tiYiY
tiYif
tiYir
tiYit
tiYiy
tifIF
tifIR
tifIT
tifIY
tifIf
tifIr
tifIt
tifIy
tifiF
tifiR
tifiT
tifiY
tifif
tifir
tifit
tifiy
tiiF
tiiR
tiiT
tiiY
tiif
tiir
tiit
tiiy
tirIF
tirIR
tirIT
tirIY
tirIf
tirIr
tirIt
tirIy
tiriF
tiriR
tiriT
tiriY
tirif
tirir
tirit
tiriy
titIF
titIR
titIT
titIY
titIf
titIr
titIt
titIy
titiF
titiR
titiT
titiY
titif
titir
titit
titiy
tiyIF
tiyIR
tiyIT
tiyIY
tiyIf
tiyIr
tiyIt
tiyIy
tiyiF
tiyiR
tiyiT
tiyiY
tiyif
tiyir
tiyit
tiyiy
yIFIF
yIFIR
yIFIT
yIFIY
yIFIf
yIFIr
yIFIt
yIFIy
yIFiF
yIFiR
yIFiT
yIFiY
yIFif
yIFir
yIFit
yIFiy
yIIF
yIIR
yIIT
yIIY
yIIf
yIIr
yIIt
yIIy
yIRIF
yIRIR
yIRIT
yIRIY
yIRIf
yIRIr
yIRIt
yIRIy
yIRiF
yIRiR
yIRiT
yIRiY
yIRif
yIRir
yIRit
yIRiy
yITIF
yITIR
yITIT
yITIY
yITIf
yITIr
yITIt
yITIy
yITiF
yITiR
yITiT
yITiY
yITif
yITir
yITit
yITiy
yIYIF
yIYIR
yIYIT
yIYIY
yIYIf
yIYIr
yIYIt
yIYIy
yIYiF
yIYiR
yIYiT
yIYiY
yIYif
yIYir
yIYit
yIYiy
yIfIF
yIfIR
yIfIT
yIfIY
yIfIf
yIfIr
yIfIt
yIfIy
yIfiF
yIfiR
yIfiT
yIfiY
yIfif
yIfir
yIfit
yIfiy
yIiF
yIiR
yIiT
yIiY
yIif
yIir
yIit
yIiy
yIrIF
yIrIR
yIrIT
yIrIY
yIrIf
yIrIr
yIrIt
yIrIy
yIriF
yIriR
yIriT
yIriY
yIrif
yIrir
yIrit
yIriy
yItIF
yItIR
yItIT
yItIY
yItIf
yItIr
yItIt
yItIy
yItiF
yItiR
yItiT
yItiY
yItif
yItir
yItit
yItiy
yIyIF
yIyIR
yIyIT
yIyIY
yIyIf
yIyIr
yIyIt
yIyIy
yIyiF
yIyiR
yIyiT
yIyiY
yIyif
yIyir
yIyit
yIyiy
yiFIF
yiFIR
yiFIT
yiFIY
yiFIf
yiFIr
yiFIt
yiFIy
yiFiF
yiFiR
yiFiT
yiFiY
yiFif
yiFir
yiFit
yiFiy
yiIF
yiIR
yiIT
yiIY
yiIf
yiIr
yiIt
yiIy
yiRIF
yiRIR
yiRIT
yiRIY
yiRIf
yiRIr
yiRIt
yiRIy
yiRiF
yiRiR
yiRiT
yiRiY
yiRif
yiRir
yiRit
yiRiy
yiTIF
yiTIR
yiTIT
yiTIY
yiTIf
yiTIr
yiTIt
yiTIy
yiTiF
yiTiR
yiTiT
yiTiY
yiTif
yiTir
yiTit
yiTiy
yiYIF
yiYIR
yiYIT
yiYIY
yiYIf
yiYIr
yiYIt
yiYIy
yiYiF
yiYiR
yiYiT
yiYiY
yiYif
yiYir
yiYit
yiYiy
yifIF
yifIR
yifIT
yifIY
yifIf
yifIr
yifIt
yifIy
yifiF
yifiR
yifiT
yifiY
yifif
yifir
yifit
yifiy
yiiF
yiiR
yiiT
yiiY
yiif
yiir
yiit
yiiy
yirIF
yirIR
yirIT
yirIY
yirIf
yirIr
yirIt
yirIy
yiriF
yiriR
yiriT
yiriY
yirif
yirir
yirit
yiriy
yitIF
yitIR
yitIT
yitIY
yitIf
yitIr
yitIt
yitIy
yitiF
yitiR
yitiT
yitiY
yitif
yitir
yitit
yitiy
yiyIF
yiyIR
yiyIT
yiyIY
yiyIf
yiyIr
yiyIt
yiyIy
yiyiF
yiyiR
yiyiT
yiyiY
yiyif
yiyir
yiyit
yiyiy
