Tue Oct 25 12:10:30 EDT 2011
RIIR
[CLN.CLN..CLN.CL][VN.V..VN.V][VN.V..VN.V][CLN.CL..CLN.CLN]
[CLN.CLN..CLN.CL][VN.V..VN.V][VN.V..VN.VN][CLN.CLN..CLN.CLN]
[CLN.CLN..CLN.CL][VN.V..VN.VN][VN.VN..VN.V][CLN.CL..CLN.CLN]
[CLN.CLN..CLN.CL][VN.V..VN.VN][VN.VN..VN.VN][CLN.CLN..CLN.CLN]
[CLN.CLN..CLN.CLN][VN.VN..VN.V][VN.V..VN.V][CLN.CL..CLN.CLN]
[CLN.CLN..CLN.CLN][VN.VN..VN.V][VN.V..VN.VN][CLN.CLN..CLN.CLN]
[CLN.CLN..CLN.CLN][VN.VN..VN.VN][VN.VN..VN.V][CLN.CL..CLN.CLN]
[CLN.CLN..CLN.CLN][VN.VN..VN.VN][VN.VN..VN.VN][CLN.CLN..CLN.CLN]
RIIT
[CLN.CLN..CLN.CL][VN.V..VN.V][VN.V..VN.V][CSN.CS..CSN.CSN]
[CLN.CLN..CLN.CL][VN.V..VN.V][VN.V..VN.VN][CSN.CSN..CSN.CSN]
[CLN.CLN..CLN.CL][VN.V..VN.VN][VN.VN..VN.V][CSN.CS..CSN.CSN]
[CLN.CLN..CLN.CL][VN.V..VN.VN][VN.VN..VN.VN][CSN.CSN..CSN.CSN]
[CLN.CLN..CLN.CLN][VN.VN..VN.V][VN.V..VN.V][CSN.CS..CSN.CSN]
[CLN.CLN..CLN.CLN][VN.VN..VN.V][VN.V..VN.VN][CSN.CSN..CSN.CSN]
[CLN.CLN..CLN.CLN][VN.VN..VN.VN][VN.VN..VN.V][CSN.CS..CSN.CSN]
[CLN.CLN..CLN.CLN][VN.VN..VN.VN][VN.VN..VN.VN][CSN.CSN..CSN.CSN]
RIIY
[CLN.CLN..CLN.CL][VN.V..VN.V][VN.V..VN.V][CGN.CG..CGN.CGN]
[CLN.CLN..CLN.CL][VN.V..VN.V][VN.V..VN.VN][CGN.CGN..CGN.CGN]
[CLN.CLN..CLN.CL][VN.V..VN.VN][VN.VN..VN.V][CGN.CG..CGN.CGN]
[CLN.CLN..CLN.CL][VN.V..VN.VN][VN.VN..VN.VN][CGN.CGN..CGN.CGN]
[CLN.CLN..CLN.CLN][VN.VN..VN.V][VN.V..VN.V][CGN.CG..CGN.CGN]
[CLN.CLN..CLN.CLN][VN.VN..VN.V][VN.V..VN.VN][CGN.CGN..CGN.CGN]
[CLN.CLN..CLN.CLN][VN.VN..VN.VN][VN.VN..VN.V][CGN.CG..CGN.CGN]
[CLN.CLN..CLN.CLN][VN.VN..VN.VN][VN.VN..VN.VN][CGN.CGN..CGN.CGN]
RIIr
[CLN.CLN..CLN.CL][VN.V..VN.V][VN.V..VN.VN][CL.CL..CL.CL]
[CLN.CLN..CLN.CL][VN.V..VN.VN][VN.VN..VN.VN][CL.CL..CL.CL]
[CLN.CLN..CLN.CLN][VN.VN..VN.V][VN.V..VN.VN][CL.CL..CL.CL]
[CLN.CLN..CLN.CLN][VN.VN..VN.VN][VN.VN..VN.VN][CL.CL..CL.CL]
RIIt
[CLN.CLN..CLN.CL][VN.V..VN.V][VN.V..VN.VN][CS.CS..CS.CS]
[CLN.CLN..CLN.CL][VN.V..VN.VN][VN.VN..VN.VN][CS.CS..CS.CS]
[CLN.CLN..CLN.CLN][VN.VN..VN.V][VN.V..VN.VN][CS.CS..CS.CS]
[CLN.CLN..CLN.CLN][VN.VN..VN.VN][VN.VN..VN.VN][CS.CS..CS.CS]
RIIy
[CLN.CLN..CLN.CL][VN.V..VN.V][VN.V..VN.VN][CG.CG..CG.CG]
[CLN.CLN..CLN.CL][VN.V..VN.VN][VN.VN..VN.VN][CG.CG..CG.CG]
[CLN.CLN..CLN.CLN][VN.VN..VN.V][VN.V..VN.VN][CG.CG..CG.CG]
[CLN.CLN..CLN.CLN][VN.VN..VN.VN][VN.VN..VN.VN][CG.CG..CG.CG]
RIRIR
[CLN.CLN..CLN.CL][VN.V..VN.V][CLN.CL..CLN.CL][VN.V..VN.V][CLN.CL..CLN.CLN]
[CLN.CLN..CLN.CL][VN.V..VN.V][CLN.CL..CLN.CL][VN.V..VN.VN][CLN.CLN..CLN.CLN]
[CLN.CLN..CLN.CL][VN.V..VN.V][CLN.CL..CLN.CLN][VN.VN..VN.V][CLN.CL..CLN.CLN]
[CLN.CLN..CLN.CL][VN.V..VN.V][CLN.CL..CLN.CLN][VN.VN..VN.VN][CLN.CLN..CLN.CLN]
[CLN.CLN..CLN.CL][VN.V..VN.VN][CLN.CLN..CLN.CL][VN.V..VN.V][CLN.CL..CLN.CLN]
[CLN.CLN..CLN.CL][VN.V..VN.VN][CLN.CLN..CLN.CL][VN.V..VN.VN][CLN.CLN..CLN.CLN]
[CLN.CLN..CLN.CL][VN.V..VN.VN][CLN.CLN..CLN.CLN][VN.VN..VN.V][CLN.CL..CLN.CLN]
[CLN.CLN..CLN.CL][VN.V..VN.VN][CLN.CLN..CLN.CLN][VN.VN..VN.VN][CLN.CLN..CLN.CLN]
[CLN.CLN..CLN.CLN][VN.VN..VN.V][CLN.CL..CLN.CL][VN.V..VN.V][CLN.CL..CLN.CLN]
[CLN.CLN..CLN.CLN][VN.VN..VN.V][CLN.CL..CLN.CL][VN.V..VN.VN][CLN.CLN..CLN.CLN]
[CLN.CLN..CLN.CLN][VN.VN..VN.V][CLN.CL..CLN.CLN][VN.VN..VN.V][CLN.CL..CLN.CLN]
[CLN.CLN..CLN.CLN][VN.VN..VN.V][CLN.CL..CLN.CLN][VN.VN..VN.VN][CLN.CLN..CLN.CLN]
[CLN.CLN..CLN.CLN][VN.VN..VN.VN][CLN.CLN..CLN.CL][VN.V..VN.V][CLN.CL..CLN.CLN]
[CLN.CLN..CLN.CLN][VN.VN..VN.VN][CLN.CLN..CLN.CL][VN.V..VN.VN][CLN.CLN..CLN.CLN]
[CLN.CLN..CLN.CLN][VN.VN..VN.VN][CLN.CLN..CLN.CLN][VN.VN..VN.V][CLN.CL..CLN.CLN]
[CLN.CLN..CLN.CLN][VN.VN..VN.VN][CLN.CLN..CLN.CLN][VN.VN..VN.VN][CLN.CLN..CLN.CLN]
RIRIT
[CLN.CLN..CLN.CL][VN.V..VN.V][CLN.CL..CLN.CL][VN.V..VN.V][CSN.CS..CSN.CSN]
[CLN.CLN..CLN.CL][VN.V..VN.V][CLN.CL..CLN.CL][VN.V..VN.VN][CSN.CSN..CSN.CSN]
[CLN.CLN..CLN.CL][VN.V..VN.V][CLN.CL..CLN.CLN][VN.VN..VN.V][CSN.CS..CSN.CSN]
[CLN.CLN..CLN.CL][VN.V..VN.V][CLN.CL..CLN.CLN][VN.VN..VN.VN][CSN.CSN..CSN.CSN]
[CLN.CLN..CLN.CL][VN.V..VN.VN][CLN.CLN..CLN.CL][VN.V..VN.V][CSN.CS..CSN.CSN]
[CLN.CLN..CLN.CL][VN.V..VN.VN][CLN.CLN..CLN.CL][VN.V..VN.VN][CSN.CSN..CSN.CSN]
[CLN.CLN..CLN.CL][VN.V..VN.VN][CLN.CLN..CLN.CLN][VN.VN..VN.V][CSN.CS..CSN.CSN]
[CLN.CLN..CLN.CL][VN.V..VN.VN][CLN.CLN..CLN.CLN][VN.VN..VN.VN][CSN.CSN..CSN.CSN]
[CLN.CLN..CLN.CLN][VN.VN..VN.V][CLN.CL..CLN.CL][VN.V..VN.V][CSN.CS..CSN.CSN]
[CLN.CLN..CLN.CLN][VN.VN..VN.V][CLN.CL..CLN.CL][VN.V..VN.VN][CSN.CSN..CSN.CSN]
[CLN.CLN..CLN.CLN][VN.VN..VN.V][CLN.CL..CLN.CLN][VN.VN..VN.V][CSN.CS..CSN.CSN]
[CLN.CLN..CLN.CLN][VN.VN..VN.V][CLN.CL..CLN.CLN][VN.VN..VN.VN][CSN.CSN..CSN.CSN]
[CLN.CLN..CLN.CLN][VN.VN..VN.VN][CLN.CLN..CLN.CL][VN.V..VN.V][CSN.CS..CSN.CSN]
[CLN.CLN..CLN.CLN][VN.VN..VN.VN][CLN.CLN..CLN.CL][VN.V..VN.VN][CSN.CSN..CSN.CSN]
[CLN.CLN..CLN.CLN][VN.VN..VN.VN][CLN.CLN..CLN.CLN][VN.VN..VN.V][CSN.CS..CSN.CSN]
[CLN.CLN..CLN.CLN][VN.VN..VN.VN][CLN.CLN..CLN.CLN][VN.VN..VN.VN][CSN.CSN..CSN.CSN]
RIRIY
[CLN.CLN..CLN.CL][VN.V..VN.V][CLN.CL..CLN.CL][VN.V..VN.V][CGN.CG..CGN.CGN]
[CLN.CLN..CLN.CL][VN.V..VN.V][CLN.CL..CLN.CL][VN.V..VN.VN][CGN.CGN..CGN.CGN]
[CLN.CLN..CLN.CL][VN.V..VN.V][CLN.CL..CLN.CLN][VN.VN..VN.V][CGN.CG..CGN.CGN]
[CLN.CLN..CLN.CL][VN.V..VN.V][CLN.CL..CLN.CLN][VN.VN..VN.VN][CGN.CGN..CGN.CGN]
[CLN.CLN..CLN.CL][VN.V..VN.VN][CLN.CLN..CLN.CL][VN.V..VN.V][CGN.CG..CGN.CGN]
[CLN.CLN..CLN.CL][VN.V..VN.VN][CLN.CLN..CLN.CL][VN.V..VN.VN][CGN.CGN..CGN.CGN]
[CLN.CLN..CLN.CL][VN.V..VN.VN][CLN.CLN..CLN.CLN][VN.VN..VN.V][CGN.CG..CGN.CGN]
[CLN.CLN..CLN.CL][VN.V..VN.VN][CLN.CLN..CLN.CLN][VN.VN..VN.VN][CGN.CGN..CGN.CGN]
[CLN.CLN..CLN.CLN][VN.VN..VN.V][CLN.CL..CLN.CL][VN.V..VN.V][CGN.CG..CGN.CGN]
[CLN.CLN..CLN.CLN][VN.VN..VN.V][CLN.CL..CLN.CL][VN.V..VN.VN][CGN.CGN..CGN.CGN]
[CLN.CLN..CLN.CLN][VN.VN..VN.V][CLN.CL..CLN.CLN][VN.VN..VN.V][CGN.CG..CGN.CGN]
[CLN.CLN..CLN.CLN][VN.VN..VN.V][CLN.CL..CLN.CLN][VN.VN..VN.VN][CGN.CGN..CGN.CGN]
[CLN.CLN..CLN.CLN][VN.VN..VN.VN][CLN.CLN..CLN.CL][VN.V..VN.V][CGN.CG..CGN.CGN]
[CLN.CLN..CLN.CLN][VN.VN..VN.VN][CLN.CLN..CLN.CL][VN.V..VN.VN][CGN.CGN..CGN.CGN]
[CLN.CLN..CLN.CLN][VN.VN..VN.VN][CLN.CLN..CLN.CLN][VN.VN..VN.V][CGN.CG..CGN.CGN]
[CLN.CLN..CLN.CLN][VN.VN..VN.VN][CLN.CLN..CLN.CLN][VN.VN..VN.VN][CGN.CGN..CGN.CGN]
RIRIr
[CLN.CLN..CLN.CL][VN.V..VN.V][CLN.CL..CLN.CL][VN.V..VN.VN][CL.CL..CL.CL]
[CLN.CLN..CLN.CL][VN.V..VN.V][CLN.CL..CLN.CLN][VN.VN..VN.VN][CL.CL..CL.CL]
[CLN.CLN..CLN.CL][VN.V..VN.VN][CLN.CLN..CLN.CL][VN.V..VN.VN][CL.CL..CL.CL]
[CLN.CLN..CLN.CL][VN.V..VN.VN][CLN.CLN..CLN.CLN][VN.VN..VN.VN][CL.CL..CL.CL]
[CLN.CLN..CLN.CLN][VN.VN..VN.V][CLN.CL..CLN.CL][VN.V..VN.VN][CL.CL..CL.CL]
[CLN.CLN..CLN.CLN][VN.VN..VN.V][CLN.CL..CLN.CLN][VN.VN..VN.VN][CL.CL..CL.CL]
[CLN.CLN..CLN.CLN][VN.VN..VN.VN][CLN.CLN..CLN.CL][VN.V..VN.VN][CL.CL..CL.CL]
[CLN.CLN..CLN.CLN][VN.VN..VN.VN][CLN.CLN..CLN.CLN][VN.VN..VN.VN][CL.CL..CL.CL]
