Thu Oct 27 13:13:27 EDT 2011
yiyIt
[CG.CG..CG.CG][V.V..V.V][CG.CG..CG.CG][VN.VN..VN.VN][CS.CS..CS.CS]
yiyIy
[CG.CG..CG.CG][V.V..V.V][CG.CG..CG.CG][VN.VN..VN.VN][CG.CG..CG.CG]
yiyiF
[CG.CG..CG.CG][V.V..V.V][CG.CG..CG.CG][V.V..V.V][CFN.CFN..CFN.CFN]
yiyiR
[CG.CG..CG.CG][V.V..V.V][CG.CG..CG.CG][V.V..V.V][CLN.CLN..CLN.CLN]
yiyiT
[CG.CG..CG.CG][V.V..V.V][CG.CG..CG.CG][V.V..V.V][CSN.CSN..CSN.CSN]
yiyiY
[CG.CG..CG.CG][V.V..V.V][CG.CG..CG.CG][V.V..V.V][CGN.CGN..CGN.CGN]
yiyif
[CG.CG..CG.CG][V.V..V.V][CG.CG..CG.CG][V.V..V.V][CF.CF..CF.CF]
yiyir
[CG.CG..CG.CG][V.V..V.V][CG.CG..CG.CG][V.V..V.V][CL.CL..CL.CL]
yiyit
[CG.CG..CG.CG][V.V..V.V][CG.CG..CG.CG][V.V..V.V][CS.CS..CS.CS]
yiyiy
[CG.CG..CG.CG][V.V..V.V][CG.CG..CG.CG][V.V..V.V][CG.CG..CG.CG]
