FIFIFI
FIFIFi
FIFII
FIFIRI
FIFIRi
FIFITI
FIFITi
FIFIYI
FIFIYi
FIFIfI
FIFIfi
FIFIi
FIFIrI
FIFIri
FIFItI
FIFIti
FIFIyI
FIFIyi
FIFiFI
FIFiFi
FIFiI
FIFiRI
FIFiRi
FIFiTI
FIFiTi
FIFiYI
FIFiYi
FIFifI
FIFifi
FIFii
FIFirI
FIFiri
FIFitI
FIFiti
FIFiyI
FIFiyi
FIIFI
FIIFi
FIII
FIIRI
FIIRi
FIITI
FIITi
FIIYI
FIIYi
FIIfI
FIIfi
FIIi
FIIrI
FIIri
FIItI
FIIti
FIIyI
FIIyi
FIRIFI
FIRIFi
FIRII
FIRIRI
FIRIRi
FIRITI
FIRITi
FIRIYI
FIRIYi
FIRIfI
FIRIfi
FIRIi
FIRIrI
FIRIri
FIRItI
FIRIti
FIRIyI
FIRIyi
FIRiFI
FIRiFi
FIRiI
FIRiRI
FIRiRi
FIRiTI
FIRiTi
FIRiYI
FIRiYi
FIRifI
FIRifi
FIRii
FIRirI
FIRiri
FIRitI
FIRiti
FIRiyI
FIRiyi
FITIFI
FITIFi
FITII
FITIRI
FITIRi
FITITI
FITITi
FITIYI
FITIYi
FITIfI
FITIfi
FITIi
FITIrI
FITIri
FITItI
FITIti
FITIyI
FITIyi
FITiFI
FITiFi
FITiI
FITiRI
FITiRi
FITiTI
FITiTi
FITiYI
FITiYi
FITifI
FITifi
FITii
FITirI
FITiri
FITitI
FITiti
FITiyI
FITiyi
FIYIFI
FIYIFi
FIYII
FIYIRI
FIYIRi
FIYITI
FIYITi
FIYIYI
FIYIYi
FIYIfI
FIYIfi
FIYIi
FIYIrI
FIYIri
FIYItI
FIYIti
FIYIyI
FIYIyi
FIYiFI
FIYiFi
FIYiI
FIYiRI
FIYiRi
FIYiTI
FIYiTi
FIYiYI
FIYiYi
FIYifI
FIYifi
FIYii
FIYirI
FIYiri
FIYitI
FIYiti
FIYiyI
FIYiyi
FIfIFI
FIfIFi
FIfII
FIfIRI
FIfIRi
FIfITI
FIfITi
FIfIYI
FIfIYi
FIfIfI
FIfIfi
FIfIi
FIfIrI
FIfIri
FIfItI
FIfIti
FIfIyI
FIfIyi
FIfiFI
FIfiFi
FIfiI
FIfiRI
FIfiRi
FIfiTI
FIfiTi
FIfiYI
FIfiYi
FIfifI
FIfifi
FIfii
FIfirI
FIfiri
FIfitI
FIfiti
FIfiyI
FIfiyi
FIiFI
FIiFi
FIiI
FIiRI
FIiRi
FIiTI
FIiTi
FIiYI
FIiYi
FIifI
FIifi
FIii
FIirI
FIiri
FIitI
FIiti
FIiyI
FIiyi
FIrIFI
FIrIFi
FIrII
FIrIRI
FIrIRi
FIrITI
FIrITi
FIrIYI
FIrIYi
FIrIfI
FIrIfi
FIrIi
FIrIrI
FIrIri
FIrItI
FIrIti
FIrIyI
FIrIyi
FIriFI
FIriFi
FIriI
FIriRI
FIriRi
FIriTI
FIriTi
FIriYI
FIriYi
FIrifI
FIrifi
FIrii
FIrirI
FIriri
FIritI
FIriti
FIriyI
FIriyi
FItIFI
FItIFi
FItII
FItIRI
FItIRi
FItITI
FItITi
FItIYI
FItIYi
FItIfI
FItIfi
FItIi
FItIrI
FItIri
FItItI
FItIti
FItIyI
FItIyi
FItiFI
FItiFi
FItiI
FItiRI
FItiRi
FItiTI
FItiTi
FItiYI
FItiYi
FItifI
FItifi
FItii
FItirI
FItiri
FItitI
FItiti
FItiyI
FItiyi
FIyIFI
FIyIFi
FIyII
FIyIRI
FIyIRi
FIyITI
FIyITi
FIyIYI
FIyIYi
FIyIfI
FIyIfi
FIyIi
FIyIrI
FIyIri
FIyItI
FIyIti
FIyIyI
FIyIyi
FIyiFI
FIyiFi
FIyiI
FIyiRI
FIyiRi
FIyiTI
FIyiTi
FIyiYI
FIyiYi
FIyifI
FIyifi
FIyii
FIyirI
FIyiri
FIyitI
FIyiti
FIyiyI
FIyiyi
FiFIFI
FiFIFi
FiFII
FiFIRI
FiFIRi
FiFITI
FiFITi
FiFIYI
FiFIYi
FiFIfI
FiFIfi
FiFIi
FiFIrI
FiFIri
FiFItI
FiFIti
FiFIyI
FiFIyi
FiFiFI
FiFiFi
FiFiI
FiFiRI
FiFiRi
FiFiTI
FiFiTi
FiFiYI
FiFiYi
FiFifI
FiFifi
FiFii
FiFirI
FiFiri
FiFitI
FiFiti
FiFiyI
FiFiyi
FiIFI
FiIFi
FiII
FiIRI
FiIRi
FiITI
FiITi
FiIYI
FiIYi
FiIfI
FiIfi
FiIi
FiIrI
FiIri
FiItI
FiIti
FiIyI
FiIyi
FiRIFI
FiRIFi
FiRII
FiRIRI
FiRIRi
FiRITI
FiRITi
FiRIYI
FiRIYi
FiRIfI
FiRIfi
FiRIi
FiRIrI
FiRIri
FiRItI
FiRIti
FiRIyI
FiRIyi
FiRiFI
FiRiFi
FiRiI
FiRiRI
FiRiRi
FiRiTI
FiRiTi
FiRiYI
FiRiYi
FiRifI
FiRifi
FiRii
FiRirI
FiRiri
FiRitI
FiRiti
FiRiyI
FiRiyi
FiTIFI
FiTIFi
FiTII
FiTIRI
FiTIRi
FiTITI
FiTITi
FiTIYI
FiTIYi
FiTIfI
FiTIfi
FiTIi
FiTIrI
FiTIri
FiTItI
FiTIti
FiTIyI
FiTIyi
FiTiFI
FiTiFi
FiTiI
FiTiRI
FiTiRi
FiTiTI
FiTiTi
FiTiYI
FiTiYi
FiTifI
FiTifi
FiTii
FiTirI
FiTiri
FiTitI
FiTiti
FiTiyI
FiTiyi
FiYIFI
FiYIFi
FiYII
FiYIRI
FiYIRi
FiYITI
FiYITi
FiYIYI
FiYIYi
FiYIfI
FiYIfi
FiYIi
FiYIrI
FiYIri
FiYItI
FiYIti
FiYIyI
FiYIyi
FiYiFI
FiYiFi
FiYiI
FiYiRI
FiYiRi
FiYiTI
FiYiTi
FiYiYI
FiYiYi
FiYifI
FiYifi
FiYii
FiYirI
FiYiri
FiYitI
FiYiti
FiYiyI
FiYiyi
FifIFI
FifIFi
FifII
FifIRI
FifIRi
FifITI
FifITi
FifIYI
FifIYi
FifIfI
FifIfi
FifIi
FifIrI
FifIri
FifItI
FifIti
FifIyI
FifIyi
FifiFI
FifiFi
FifiI
FifiRI
FifiRi
FifiTI
FifiTi
FifiYI
FifiYi
FififI
Fififi
Fifii
FifirI
Fifiri
FifitI
Fifiti
FifiyI
Fifiyi
FiiFI
FiiFi
FiiI
FiiRI
FiiRi
FiiTI
FiiTi
FiiYI
FiiYi
FiifI
Fiifi
Fiii
FiirI
Fiiri
FiitI
Fiiti
FiiyI
Fiiyi
FirIFI
FirIFi
FirII
FirIRI
FirIRi
FirITI
FirITi
FirIYI
FirIYi
FirIfI
FirIfi
FirIi
FirIrI
FirIri
FirItI
FirIti
FirIyI
FirIyi
FiriFI
FiriFi
FiriI
FiriRI
FiriRi
FiriTI
FiriTi
FiriYI
FiriYi
FirifI
Firifi
Firii
FirirI
Firiri
FiritI
Firiti
FiriyI
Firiyi
FitIFI
FitIFi
FitII
FitIRI
FitIRi
FitITI
FitITi
FitIYI
FitIYi
FitIfI
FitIfi
FitIi
FitIrI
FitIri
FitItI
FitIti
FitIyI
FitIyi
FitiFI
FitiFi
FitiI
FitiRI
FitiRi
FitiTI
FitiTi
FitiYI
FitiYi
FitifI
Fitifi
Fitii
FitirI
Fitiri
FititI
Fititi
FitiyI
Fitiyi
FiyIFI
FiyIFi
FiyII
FiyIRI
FiyIRi
FiyITI
FiyITi
FiyIYI
FiyIYi
FiyIfI
FiyIfi
FiyIi
FiyIrI
FiyIri
FiyItI
FiyIti
FiyIyI
FiyIyi
FiyiFI
FiyiFi
FiyiI
FiyiRI
FiyiRi
FiyiTI
FiyiTi
FiyiYI
FiyiYi
FiyifI
Fiyifi
Fiyii
FiyirI
Fiyiri
FiyitI
Fiyiti
FiyiyI
Fiyiyi
RIFIFI
RIFIFi
RIFII
RIFIRI
RIFIRi
RIFITI
RIFITi
RIFIYI
RIFIYi
RIFIfI
RIFIfi
RIFIi
RIFIrI
RIFIri
RIFItI
RIFIti
RIFIyI
RIFIyi
RIFiFI
RIFiFi
RIFiI
RIFiRI
RIFiRi
RIFiTI
RIFiTi
RIFiYI
RIFiYi
RIFifI
RIFifi
RIFii
RIFirI
RIFiri
RIFitI
RIFiti
RIFiyI
RIFiyi
RIIFI
RIIFi
RIII
RIIRI
RIIRi
RIITI
RIITi
RIIYI
RIIYi
RIIfI
RIIfi
RIIi
RIIrI
RIIri
RIItI
RIIti
RIIyI
RIIyi
RIRIFI
RIRIFi
RIRII
RIRIRI
RIRIRi
RIRITI
RIRITi
RIRIYI
RIRIYi
RIRIfI
RIRIfi
RIRIi
RIRIrI
RIRIri
RIRItI
RIRIti
RIRIyI
RIRIyi
RIRiFI
RIRiFi
RIRiI
RIRiRI
RIRiRi
RIRiTI
RIRiTi
RIRiYI
RIRiYi
RIRifI
RIRifi
RIRii
RIRirI
RIRiri
RIRitI
RIRiti
RIRiyI
RIRiyi
RITIFI
RITIFi
RITII
RITIRI
RITIRi
RITITI
RITITi
RITIYI
RITIYi
RITIfI
RITIfi
RITIi
RITIrI
RITIri
RITItI
RITIti
RITIyI
RITIyi
RITiFI
RITiFi
RITiI
RITiRI
RITiRi
RITiTI
RITiTi
RITiYI
RITiYi
RITifI
RITifi
RITii
RITirI
RITiri
RITitI
RITiti
RITiyI
RITiyi
RIYIFI
RIYIFi
RIYII
RIYIRI
RIYIRi
RIYITI
RIYITi
RIYIYI
RIYIYi
RIYIfI
RIYIfi
RIYIi
RIYIrI
RIYIri
RIYItI
RIYIti
RIYIyI
RIYIyi
RIYiFI
RIYiFi
RIYiI
RIYiRI
RIYiRi
RIYiTI
RIYiTi
RIYiYI
RIYiYi
RIYifI
RIYifi
RIYii
RIYirI
RIYiri
RIYitI
RIYiti
RIYiyI
RIYiyi
RIfIFI
RIfIFi
RIfII
RIfIRI
RIfIRi
RIfITI
RIfITi
RIfIYI
RIfIYi
RIfIfI
RIfIfi
RIfIi
RIfIrI
RIfIri
RIfItI
RIfIti
RIfIyI
RIfIyi
RIfiFI
RIfiFi
RIfiI
RIfiRI
RIfiRi
RIfiTI
RIfiTi
RIfiYI
RIfiYi
RIfifI
RIfifi
RIfii
RIfirI
RIfiri
RIfitI
RIfiti
RIfiyI
RIfiyi
RIiFI
RIiFi
RIiI
RIiRI
RIiRi
RIiTI
RIiTi
RIiYI
RIiYi
RIifI
RIifi
RIii
RIirI
RIiri
RIitI
RIiti
RIiyI
RIiyi
RIrIFI
RIrIFi
RIrII
RIrIRI
RIrIRi
RIrITI
RIrITi
RIrIYI
RIrIYi
RIrIfI
RIrIfi
RIrIi
RIrIrI
RIrIri
RIrItI
RIrIti
RIrIyI
RIrIyi
RIriFI
RIriFi
RIriI
RIriRI
RIriRi
RIriTI
RIriTi
RIriYI
RIriYi
RIrifI
RIrifi
RIrii
RIrirI
RIriri
RIritI
RIriti
RIriyI
RIriyi
RItIFI
RItIFi
RItII
RItIRI
RItIRi
RItITI
RItITi
RItIYI
RItIYi
RItIfI
RItIfi
RItIi
RItIrI
RItIri
RItItI
RItIti
RItIyI
RItIyi
RItiFI
RItiFi
RItiI
RItiRI
RItiRi
RItiTI
RItiTi
RItiYI
RItiYi
RItifI
RItifi
RItii
RItirI
RItiri
RItitI
RItiti
RItiyI
RItiyi
RIyIFI
RIyIFi
RIyII
RIyIRI
RIyIRi
RIyITI
RIyITi
RIyIYI
RIyIYi
RIyIfI
RIyIfi
RIyIi
RIyIrI
RIyIri
RIyItI
RIyIti
RIyIyI
RIyIyi
RIyiFI
RIyiFi
RIyiI
RIyiRI
RIyiRi
RIyiTI
RIyiTi
RIyiYI
RIyiYi
RIyifI
RIyifi
RIyii
RIyirI
RIyiri
RIyitI
RIyiti
RIyiyI
RIyiyi
RiFIFI
RiFIFi
RiFII
RiFIRI
RiFIRi
RiFITI
RiFITi
RiFIYI
RiFIYi
RiFIfI
RiFIfi
RiFIi
RiFIrI
RiFIri
RiFItI
RiFIti
RiFIyI
RiFIyi
RiFiFI
RiFiFi
RiFiI
RiFiRI
RiFiRi
RiFiTI
RiFiTi
RiFiYI
RiFiYi
RiFifI
RiFifi
RiFii
RiFirI
RiFiri
RiFitI
RiFiti
RiFiyI
RiFiyi
RiIFI
RiIFi
RiII
RiIRI
RiIRi
RiITI
RiITi
RiIYI
RiIYi
RiIfI
RiIfi
RiIi
RiIrI
RiIri
RiItI
RiIti
RiIyI
RiIyi
RiRIFI
RiRIFi
RiRII
RiRIRI
RiRIRi
RiRITI
RiRITi
RiRIYI
RiRIYi
RiRIfI
RiRIfi
RiRIi
RiRIrI
RiRIri
RiRItI
RiRIti
RiRIyI
RiRIyi
RiRiFI
RiRiFi
RiRiI
RiRiRI
RiRiRi
RiRiTI
RiRiTi
RiRiYI
RiRiYi
RiRifI
RiRifi
RiRii
RiRirI
RiRiri
RiRitI
RiRiti
RiRiyI
RiRiyi
RiTIFI
RiTIFi
RiTII
RiTIRI
RiTIRi
RiTITI
RiTITi
RiTIYI
RiTIYi
RiTIfI
RiTIfi
RiTIi
RiTIrI
RiTIri
RiTItI
RiTIti
RiTIyI
RiTIyi
RiTiFI
RiTiFi
RiTiI
RiTiRI
RiTiRi
RiTiTI
RiTiTi
RiTiYI
RiTiYi
RiTifI
RiTifi
RiTii
RiTirI
RiTiri
RiTitI
RiTiti
RiTiyI
RiTiyi
RiYIFI
RiYIFi
RiYII
RiYIRI
RiYIRi
RiYITI
RiYITi
RiYIYI
RiYIYi
RiYIfI
RiYIfi
RiYIi
RiYIrI
RiYIri
RiYItI
RiYIti
RiYIyI
RiYIyi
RiYiFI
RiYiFi
RiYiI
RiYiRI
RiYiRi
RiYiTI
RiYiTi
RiYiYI
RiYiYi
RiYifI
RiYifi
RiYii
RiYirI
RiYiri
RiYitI
RiYiti
RiYiyI
RiYiyi
RifIFI
RifIFi
RifII
RifIRI
RifIRi
RifITI
RifITi
RifIYI
RifIYi
RifIfI
RifIfi
RifIi
RifIrI
RifIri
RifItI
RifIti
RifIyI
RifIyi
RifiFI
RifiFi
RifiI
RifiRI
RifiRi
RifiTI
RifiTi
RifiYI
RifiYi
RififI
Rififi
Rifii
RifirI
Rifiri
RifitI
Rifiti
RifiyI
Rifiyi
RiiFI
RiiFi
RiiI
RiiRI
RiiRi
RiiTI
RiiTi
RiiYI
RiiYi
RiifI
Riifi
Riii
RiirI
Riiri
RiitI
Riiti
RiiyI
Riiyi
RirIFI
RirIFi
RirII
RirIRI
RirIRi
RirITI
RirITi
RirIYI
RirIYi
RirIfI
RirIfi
RirIi
RirIrI
RirIri
RirItI
RirIti
RirIyI
RirIyi
RiriFI
RiriFi
RiriI
RiriRI
RiriRi
RiriTI
RiriTi
RiriYI
RiriYi
RirifI
Ririfi
Ririi
RirirI
Ririri
RiritI
Ririti
RiriyI
Ririyi
RitIFI
RitIFi
RitII
RitIRI
RitIRi
RitITI
RitITi
RitIYI
RitIYi
RitIfI
RitIfi
RitIi
RitIrI
RitIri
RitItI
RitIti
RitIyI
RitIyi
RitiFI
RitiFi
RitiI
RitiRI
RitiRi
RitiTI
RitiTi
RitiYI
RitiYi
RitifI
Ritifi
Ritii
RitirI
Ritiri
RititI
Rititi
RitiyI
Ritiyi
RiyIFI
RiyIFi
RiyII
RiyIRI
RiyIRi
RiyITI
RiyITi
RiyIYI
RiyIYi
RiyIfI
RiyIfi
RiyIi
RiyIrI
RiyIri
RiyItI
RiyIti
RiyIyI
RiyIyi
RiyiFI
RiyiFi
RiyiI
RiyiRI
RiyiRi
RiyiTI
RiyiTi
RiyiYI
RiyiYi
RiyifI
Riyifi
Riyii
RiyirI
Riyiri
RiyitI
Riyiti
RiyiyI
Riyiyi
TIFIFI
TIFIFi
TIFII
TIFIRI
TIFIRi
TIFITI
TIFITi
TIFIYI
TIFIYi
TIFIfI
TIFIfi
TIFIi
TIFIrI
TIFIri
TIFItI
TIFIti
TIFIyI
TIFIyi
TIFiFI
TIFiFi
TIFiI
TIFiRI
TIFiRi
TIFiTI
TIFiTi
TIFiYI
TIFiYi
TIFifI
TIFifi
TIFii
TIFirI
TIFiri
TIFitI
TIFiti
TIFiyI
TIFiyi
TIIFI
TIIFi
TIII
TIIRI
TIIRi
TIITI
TIITi
TIIYI
TIIYi
TIIfI
TIIfi
TIIi
TIIrI
TIIri
TIItI
TIIti
TIIyI
TIIyi
TIRIFI
TIRIFi
TIRII
TIRIRI
TIRIRi
TIRITI
TIRITi
TIRIYI
TIRIYi
TIRIfI
TIRIfi
TIRIi
TIRIrI
TIRIri
TIRItI
TIRIti
TIRIyI
TIRIyi
TIRiFI
TIRiFi
TIRiI
TIRiRI
TIRiRi
TIRiTI
TIRiTi
TIRiYI
TIRiYi
TIRifI
TIRifi
TIRii
TIRirI
TIRiri
TIRitI
TIRiti
TIRiyI
TIRiyi
TITIFI
TITIFi
TITII
TITIRI
TITIRi
TITITI
TITITi
TITIYI
TITIYi
TITIfI
TITIfi
TITIi
TITIrI
TITIri
TITItI
TITIti
TITIyI
TITIyi
TITiFI
TITiFi
TITiI
TITiRI
TITiRi
TITiTI
TITiTi
TITiYI
TITiYi
TITifI
TITifi
TITii
TITirI
TITiri
TITitI
TITiti
TITiyI
TITiyi
TIYIFI
TIYIFi
TIYII
TIYIRI
TIYIRi
TIYITI
TIYITi
TIYIYI
TIYIYi
TIYIfI
TIYIfi
TIYIi
TIYIrI
TIYIri
TIYItI
TIYIti
TIYIyI
TIYIyi
TIYiFI
TIYiFi
TIYiI
TIYiRI
TIYiRi
TIYiTI
TIYiTi
TIYiYI
TIYiYi
TIYifI
TIYifi
TIYii
TIYirI
TIYiri
TIYitI
TIYiti
TIYiyI
TIYiyi
TIfIFI
TIfIFi
TIfII
TIfIRI
TIfIRi
TIfITI
TIfITi
TIfIYI
TIfIYi
TIfIfI
TIfIfi
TIfIi
TIfIrI
TIfIri
TIfItI
TIfIti
TIfIyI
TIfIyi
TIfiFI
TIfiFi
TIfiI
TIfiRI
TIfiRi
TIfiTI
TIfiTi
TIfiYI
TIfiYi
TIfifI
TIfifi
TIfii
TIfirI
TIfiri
TIfitI
TIfiti
TIfiyI
TIfiyi
TIiFI
TIiFi
TIiI
TIiRI
TIiRi
TIiTI
TIiTi
TIiYI
TIiYi
TIifI
TIifi
TIii
TIirI
TIiri
TIitI
TIiti
TIiyI
TIiyi
TIrIFI
TIrIFi
TIrII
TIrIRI
TIrIRi
TIrITI
TIrITi
TIrIYI
TIrIYi
TIrIfI
TIrIfi
TIrIi
TIrIrI
TIrIri
TIrItI
TIrIti
TIrIyI
TIrIyi
TIriFI
TIriFi
TIriI
TIriRI
TIriRi
TIriTI
TIriTi
TIriYI
TIriYi
TIrifI
TIrifi
TIrii
TIrirI
TIriri
TIritI
TIriti
TIriyI
TIriyi
TItIFI
TItIFi
TItII
TItIRI
TItIRi
TItITI
TItITi
TItIYI
TItIYi
TItIfI
TItIfi
TItIi
TItIrI
TItIri
TItItI
TItIti
TItIyI
TItIyi
TItiFI
TItiFi
TItiI
TItiRI
TItiRi
TItiTI
TItiTi
TItiYI
TItiYi
TItifI
TItifi
TItii
TItirI
TItiri
TItitI
TItiti
TItiyI
TItiyi
TIyIFI
TIyIFi
TIyII
TIyIRI
TIyIRi
TIyITI
TIyITi
TIyIYI
TIyIYi
TIyIfI
TIyIfi
TIyIi
TIyIrI
TIyIri
TIyItI
TIyIti
TIyIyI
TIyIyi
TIyiFI
TIyiFi
TIyiI
TIyiRI
TIyiRi
TIyiTI
TIyiTi
TIyiYI
TIyiYi
TIyifI
TIyifi
TIyii
TIyirI
TIyiri
TIyitI
TIyiti
TIyiyI
TIyiyi
TiFIFI
TiFIFi
TiFII
TiFIRI
TiFIRi
TiFITI
TiFITi
TiFIYI
TiFIYi
TiFIfI
TiFIfi
TiFIi
TiFIrI
TiFIri
TiFItI
TiFIti
TiFIyI
TiFIyi
TiFiFI
TiFiFi
TiFiI
TiFiRI
TiFiRi
TiFiTI
TiFiTi
TiFiYI
TiFiYi
TiFifI
TiFifi
TiFii
TiFirI
TiFiri
TiFitI
TiFiti
TiFiyI
TiFiyi
TiIFI
TiIFi
TiII
TiIRI
TiIRi
TiITI
TiITi
TiIYI
TiIYi
TiIfI
TiIfi
TiIi
TiIrI
TiIri
TiItI
TiIti
TiIyI
TiIyi
TiRIFI
TiRIFi
TiRII
TiRIRI
TiRIRi
TiRITI
TiRITi
TiRIYI
TiRIYi
TiRIfI
TiRIfi
TiRIi
TiRIrI
TiRIri
TiRItI
TiRIti
TiRIyI
TiRIyi
TiRiFI
TiRiFi
TiRiI
TiRiRI
TiRiRi
TiRiTI
TiRiTi
TiRiYI
TiRiYi
TiRifI
TiRifi
TiRii
TiRirI
TiRiri
TiRitI
TiRiti
TiRiyI
TiRiyi
TiTIFI
TiTIFi
TiTII
TiTIRI
TiTIRi
TiTITI
TiTITi
TiTIYI
TiTIYi
TiTIfI
TiTIfi
TiTIi
TiTIrI
TiTIri
TiTItI
TiTIti
TiTIyI
TiTIyi
TiTiFI
TiTiFi
TiTiI
TiTiRI
TiTiRi
TiTiTI
TiTiTi
TiTiYI
TiTiYi
TiTifI
TiTifi
TiTii
TiTirI
TiTiri
TiTitI
TiTiti
TiTiyI
TiTiyi
TiYIFI
TiYIFi
TiYII
TiYIRI
TiYIRi
TiYITI
TiYITi
TiYIYI
TiYIYi
TiYIfI
TiYIfi
TiYIi
TiYIrI
TiYIri
TiYItI
TiYIti
TiYIyI
TiYIyi
TiYiFI
TiYiFi
TiYiI
TiYiRI
TiYiRi
TiYiTI
TiYiTi
TiYiYI
TiYiYi
TiYifI
TiYifi
TiYii
TiYirI
TiYiri
TiYitI
TiYiti
TiYiyI
TiYiyi
TifIFI
TifIFi
TifII
TifIRI
TifIRi
TifITI
TifITi
TifIYI
TifIYi
TifIfI
TifIfi
TifIi
TifIrI
TifIri
TifItI
TifIti
TifIyI
TifIyi
TifiFI
TifiFi
TifiI
TifiRI
TifiRi
TifiTI
TifiTi
TifiYI
TifiYi
TififI
Tififi
Tifii
TifirI
Tifiri
TifitI
Tifiti
TifiyI
Tifiyi
TiiFI
TiiFi
TiiI
TiiRI
TiiRi
TiiTI
TiiTi
TiiYI
TiiYi
TiifI
Tiifi
Tiii
TiirI
Tiiri
TiitI
Tiiti
TiiyI
Tiiyi
TirIFI
TirIFi
TirII
TirIRI
TirIRi
TirITI
TirITi
TirIYI
TirIYi
TirIfI
TirIfi
TirIi
TirIrI
TirIri
TirItI
TirIti
TirIyI
TirIyi
TiriFI
TiriFi
TiriI
TiriRI
TiriRi
TiriTI
TiriTi
TiriYI
TiriYi
TirifI
Tirifi
Tirii
TirirI
Tiriri
TiritI
Tiriti
TiriyI
Tiriyi
TitIFI
TitIFi
TitII
TitIRI
TitIRi
TitITI
TitITi
TitIYI
TitIYi
TitIfI
TitIfi
TitIi
TitIrI
TitIri
TitItI
TitIti
TitIyI
TitIyi
TitiFI
TitiFi
TitiI
TitiRI
TitiRi
TitiTI
TitiTi
TitiYI
TitiYi
TitifI
Titifi
Titii
TitirI
Titiri
TititI
Tititi
TitiyI
Titiyi
TiyIFI
TiyIFi
TiyII
TiyIRI
TiyIRi
TiyITI
TiyITi
TiyIYI
TiyIYi
TiyIfI
TiyIfi
TiyIi
TiyIrI
TiyIri
TiyItI
TiyIti
TiyIyI
TiyIyi
TiyiFI
TiyiFi
TiyiI
TiyiRI
TiyiRi
TiyiTI
TiyiTi
TiyiYI
TiyiYi
TiyifI
Tiyifi
Tiyii
TiyirI
Tiyiri
TiyitI
Tiyiti
TiyiyI
Tiyiyi
YIFIFI
YIFIFi
YIFII
YIFIRI
YIFIRi
YIFITI
YIFITi
YIFIYI
YIFIYi
YIFIfI
YIFIfi
YIFIi
YIFIrI
YIFIri
YIFItI
YIFIti
YIFIyI
YIFIyi
YIFiFI
YIFiFi
YIFiI
YIFiRI
YIFiRi
YIFiTI
YIFiTi
YIFiYI
YIFiYi
YIFifI
YIFifi
YIFii
YIFirI
YIFiri
YIFitI
YIFiti
YIFiyI
YIFiyi
YIIFI
YIIFi
YIII
YIIRI
YIIRi
YIITI
YIITi
YIIYI
YIIYi
YIIfI
YIIfi
YIIi
YIIrI
YIIri
YIItI
YIIti
YIIyI
YIIyi
YIRIFI
YIRIFi
YIRII
YIRIRI
YIRIRi
YIRITI
YIRITi
YIRIYI
YIRIYi
YIRIfI
YIRIfi
YIRIi
YIRIrI
YIRIri
YIRItI
YIRIti
YIRIyI
YIRIyi
YIRiFI
YIRiFi
YIRiI
YIRiRI
YIRiRi
YIRiTI
YIRiTi
YIRiYI
YIRiYi
YIRifI
YIRifi
YIRii
YIRirI
YIRiri
YIRitI
YIRiti
YIRiyI
YIRiyi
YITIFI
YITIFi
YITII
YITIRI
YITIRi
YITITI
YITITi
YITIYI
YITIYi
YITIfI
YITIfi
YITIi
YITIrI
YITIri
YITItI
YITIti
YITIyI
YITIyi
YITiFI
YITiFi
YITiI
YITiRI
YITiRi
YITiTI
YITiTi
YITiYI
YITiYi
YITifI
YITifi
YITii
YITirI
YITiri
YITitI
YITiti
YITiyI
YITiyi
YIYIFI
YIYIFi
YIYII
YIYIRI
YIYIRi
YIYITI
YIYITi
YIYIYI
YIYIYi
YIYIfI
YIYIfi
YIYIi
YIYIrI
YIYIri
YIYItI
YIYIti
YIYIyI
YIYIyi
YIYiFI
YIYiFi
YIYiI
YIYiRI
YIYiRi
YIYiTI
YIYiTi
YIYiYI
YIYiYi
YIYifI
YIYifi
YIYii
YIYirI
YIYiri
YIYitI
YIYiti
YIYiyI
YIYiyi
YIfIFI
YIfIFi
YIfII
YIfIRI
YIfIRi
YIfITI
YIfITi
YIfIYI
YIfIYi
YIfIfI
YIfIfi
YIfIi
YIfIrI
YIfIri
YIfItI
YIfIti
YIfIyI
YIfIyi
YIfiFI
YIfiFi
YIfiI
YIfiRI
YIfiRi
YIfiTI
YIfiTi
YIfiYI
YIfiYi
YIfifI
YIfifi
YIfii
YIfirI
YIfiri
YIfitI
YIfiti
YIfiyI
YIfiyi
YIiFI
YIiFi
YIiI
YIiRI
YIiRi
YIiTI
YIiTi
YIiYI
YIiYi
YIifI
YIifi
YIii
YIirI
YIiri
YIitI
YIiti
YIiyI
YIiyi
YIrIFI
YIrIFi
YIrII
YIrIRI
YIrIRi
YIrITI
YIrITi
YIrIYI
YIrIYi
YIrIfI
YIrIfi
YIrIi
YIrIrI
YIrIri
YIrItI
YIrIti
YIrIyI
YIrIyi
YIriFI
YIriFi
YIriI
YIriRI
YIriRi
YIriTI
YIriTi
YIriYI
YIriYi
YIrifI
YIrifi
YIrii
YIrirI
YIriri
YIritI
YIriti
YIriyI
YIriyi
YItIFI
YItIFi
YItII
YItIRI
YItIRi
YItITI
YItITi
YItIYI
YItIYi
YItIfI
YItIfi
YItIi
YItIrI
YItIri
YItItI
YItIti
YItIyI
YItIyi
YItiFI
YItiFi
YItiI
YItiRI
YItiRi
YItiTI
YItiTi
YItiYI
YItiYi
YItifI
YItifi
YItii
YItirI
YItiri
YItitI
YItiti
YItiyI
YItiyi
YIyIFI
YIyIFi
YIyII
YIyIRI
YIyIRi
YIyITI
YIyITi
YIyIYI
YIyIYi
YIyIfI
YIyIfi
YIyIi
YIyIrI
YIyIri
YIyItI
YIyIti
YIyIyI
YIyIyi
YIyiFI
YIyiFi
YIyiI
YIyiRI
YIyiRi
YIyiTI
YIyiTi
YIyiYI
YIyiYi
YIyifI
YIyifi
YIyii
YIyirI
YIyiri
YIyitI
YIyiti
YIyiyI
YIyiyi
YiFIFI
YiFIFi
YiFII
YiFIRI
YiFIRi
YiFITI
YiFITi
YiFIYI
YiFIYi
YiFIfI
YiFIfi
YiFIi
YiFIrI
YiFIri
YiFItI
YiFIti
YiFIyI
YiFIyi
YiFiFI
YiFiFi
YiFiI
YiFiRI
YiFiRi
YiFiTI
YiFiTi
YiFiYI
YiFiYi
YiFifI
YiFifi
YiFii
YiFirI
YiFiri
YiFitI
YiFiti
YiFiyI
YiFiyi
YiIFI
YiIFi
YiII
YiIRI
YiIRi
YiITI
YiITi
YiIYI
YiIYi
YiIfI
YiIfi
YiIi
YiIrI
YiIri
YiItI
YiIti
YiIyI
YiIyi
YiRIFI
YiRIFi
YiRII
YiRIRI
YiRIRi
YiRITI
YiRITi
YiRIYI
YiRIYi
YiRIfI
YiRIfi
YiRIi
YiRIrI
YiRIri
YiRItI
YiRIti
YiRIyI
YiRIyi
YiRiFI
YiRiFi
YiRiI
YiRiRI
YiRiRi
YiRiTI
YiRiTi
YiRiYI
YiRiYi
YiRifI
YiRifi
YiRii
YiRirI
YiRiri
YiRitI
YiRiti
YiRiyI
YiRiyi
YiTIFI
YiTIFi
YiTII
YiTIRI
YiTIRi
YiTITI
YiTITi
YiTIYI
YiTIYi
YiTIfI
YiTIfi
YiTIi
YiTIrI
YiTIri
YiTItI
YiTIti
YiTIyI
YiTIyi
YiTiFI
YiTiFi
YiTiI
YiTiRI
YiTiRi
YiTiTI
YiTiTi
YiTiYI
YiTiYi
YiTifI
YiTifi
YiTii
YiTirI
YiTiri
YiTitI
YiTiti
YiTiyI
YiTiyi
YiYIFI
YiYIFi
YiYII
YiYIRI
YiYIRi
YiYITI
YiYITi
YiYIYI
YiYIYi
YiYIfI
YiYIfi
YiYIi
YiYIrI
YiYIri
YiYItI
YiYIti
YiYIyI
YiYIyi
YiYiFI
YiYiFi
YiYiI
YiYiRI
YiYiRi
YiYiTI
YiYiTi
YiYiYI
YiYiYi
YiYifI
YiYifi
YiYii
YiYirI
YiYiri
YiYitI
YiYiti
YiYiyI
YiYiyi
YifIFI
YifIFi
YifII
YifIRI
YifIRi
YifITI
YifITi
YifIYI
YifIYi
YifIfI
YifIfi
YifIi
YifIrI
YifIri
YifItI
YifIti
YifIyI
YifIyi
YifiFI
YifiFi
YifiI
YifiRI
YifiRi
YifiTI
YifiTi
YifiYI
YifiYi
YififI
Yififi
Yifii
YifirI
Yifiri
YifitI
Yifiti
YifiyI
Yifiyi
YiiFI
YiiFi
YiiI
YiiRI
YiiRi
YiiTI
YiiTi
YiiYI
YiiYi
YiifI
Yiifi
Yiii
YiirI
Yiiri
YiitI
Yiiti
YiiyI
Yiiyi
YirIFI
YirIFi
YirII
YirIRI
YirIRi
YirITI
YirITi
YirIYI
YirIYi
YirIfI
YirIfi
YirIi
YirIrI
YirIri
YirItI
YirIti
YirIyI
YirIyi
YiriFI
YiriFi
YiriI
YiriRI
YiriRi
YiriTI
YiriTi
YiriYI
YiriYi
YirifI
Yirifi
Yirii
YirirI
Yiriri
YiritI
Yiriti
YiriyI
Yiriyi
YitIFI
YitIFi
YitII
YitIRI
YitIRi
YitITI
YitITi
YitIYI
YitIYi
YitIfI
YitIfi
YitIi
YitIrI
YitIri
YitItI
YitIti
YitIyI
YitIyi
YitiFI
YitiFi
YitiI
YitiRI
YitiRi
YitiTI
YitiTi
YitiYI
YitiYi
YitifI
Yitifi
Yitii
YitirI
Yitiri
YititI
Yititi
YitiyI
Yitiyi
YiyIFI
YiyIFi
YiyII
YiyIRI
YiyIRi
YiyITI
YiyITi
YiyIYI
YiyIYi
YiyIfI
YiyIfi
YiyIi
YiyIrI
YiyIri
YiyItI
YiyIti
YiyIyI
YiyIyi
YiyiFI
YiyiFi
YiyiI
YiyiRI
YiyiRi
YiyiTI
YiyiTi
YiyiYI
YiyiYi
YiyifI
Yiyifi
Yiyii
YiyirI
Yiyiri
YiyitI
Yiyiti
YiyiyI
Yiyiyi
fIFIFI
fIFIFi
fIFII
fIFIRI
fIFIRi
fIFITI
fIFITi
fIFIYI
fIFIYi
fIFIfI
fIFIfi
fIFIi
fIFIrI
fIFIri
fIFItI
fIFIti
fIFIyI
fIFIyi
fIFiFI
fIFiFi
fIFiI
fIFiRI
fIFiRi
fIFiTI
fIFiTi
fIFiYI
fIFiYi
fIFifI
fIFifi
fIFii
fIFirI
fIFiri
fIFitI
fIFiti
fIFiyI
fIFiyi
fIIFI
fIIFi
fIII
fIIRI
fIIRi
fIITI
fIITi
fIIYI
fIIYi
fIIfI
fIIfi
fIIi
fIIrI
fIIri
fIItI
fIIti
fIIyI
fIIyi
fIRIFI
fIRIFi
fIRII
fIRIRI
fIRIRi
fIRITI
fIRITi
fIRIYI
fIRIYi
fIRIfI
fIRIfi
fIRIi
fIRIrI
fIRIri
fIRItI
fIRIti
fIRIyI
fIRIyi
fIRiFI
fIRiFi
fIRiI
fIRiRI
fIRiRi
fIRiTI
fIRiTi
fIRiYI
fIRiYi
fIRifI
fIRifi
fIRii
fIRirI
fIRiri
fIRitI
fIRiti
fIRiyI
fIRiyi
fITIFI
fITIFi
fITII
fITIRI
fITIRi
fITITI
fITITi
fITIYI
fITIYi
fITIfI
fITIfi
fITIi
fITIrI
fITIri
fITItI
fITIti
fITIyI
fITIyi
fITiFI
fITiFi
fITiI
fITiRI
fITiRi
fITiTI
fITiTi
fITiYI
fITiYi
fITifI
fITifi
fITii
fITirI
fITiri
fITitI
fITiti
fITiyI
fITiyi
fIYIFI
fIYIFi
fIYII
fIYIRI
fIYIRi
fIYITI
fIYITi
fIYIYI
fIYIYi
fIYIfI
fIYIfi
fIYIi
fIYIrI
fIYIri
fIYItI
fIYIti
fIYIyI
fIYIyi
fIYiFI
fIYiFi
fIYiI
fIYiRI
fIYiRi
fIYiTI
fIYiTi
fIYiYI
fIYiYi
fIYifI
fIYifi
fIYii
fIYirI
fIYiri
fIYitI
fIYiti
fIYiyI
fIYiyi
fIfIFI
fIfIFi
fIfII
fIfIRI
fIfIRi
fIfITI
fIfITi
fIfIYI
fIfIYi
fIfIfI
fIfIfi
fIfIi
fIfIrI
fIfIri
fIfItI
fIfIti
fIfIyI
fIfIyi
fIfiFI
fIfiFi
fIfiI
fIfiRI
fIfiRi
fIfiTI
fIfiTi
fIfiYI
fIfiYi
fIfifI
fIfifi
fIfii
fIfirI
fIfiri
fIfitI
fIfiti
fIfiyI
fIfiyi
fIiFI
fIiFi
fIiI
fIiRI
fIiRi
fIiTI
fIiTi
fIiYI
fIiYi
fIifI
fIifi
fIii
fIirI
fIiri
fIitI
fIiti
fIiyI
fIiyi
fIrIFI
fIrIFi
fIrII
fIrIRI
fIrIRi
fIrITI
fIrITi
fIrIYI
fIrIYi
fIrIfI
fIrIfi
fIrIi
fIrIrI
fIrIri
fIrItI
fIrIti
fIrIyI
fIrIyi
fIriFI
fIriFi
fIriI
fIriRI
fIriRi
fIriTI
fIriTi
fIriYI
fIriYi
fIrifI
fIrifi
fIrii
fIrirI
fIriri
fIritI
fIriti
fIriyI
fIriyi
fItIFI
fItIFi
fItII
fItIRI
fItIRi
fItITI
fItITi
fItIYI
fItIYi
fItIfI
fItIfi
fItIi
fItIrI
fItIri
fItItI
fItIti
fItIyI
fItIyi
fItiFI
fItiFi
fItiI
fItiRI
fItiRi
fItiTI
fItiTi
fItiYI
fItiYi
fItifI
fItifi
fItii
fItirI
fItiri
fItitI
fItiti
fItiyI
fItiyi
fIyIFI
fIyIFi
fIyII
fIyIRI
fIyIRi
fIyITI
fIyITi
fIyIYI
fIyIYi
fIyIfI
fIyIfi
fIyIi
fIyIrI
fIyIri
fIyItI
fIyIti
fIyIyI
fIyIyi
fIyiFI
fIyiFi
fIyiI
fIyiRI
fIyiRi
fIyiTI
fIyiTi
fIyiYI
fIyiYi
fIyifI
fIyifi
fIyii
fIyirI
fIyiri
fIyitI
fIyiti
fIyiyI
fIyiyi
fiFIFI
fiFIFi
fiFII
fiFIRI
fiFIRi
fiFITI
fiFITi
fiFIYI
fiFIYi
fiFIfI
fiFIfi
fiFIi
fiFIrI
fiFIri
fiFItI
fiFIti
fiFIyI
fiFIyi
fiFiFI
fiFiFi
fiFiI
fiFiRI
fiFiRi
fiFiTI
fiFiTi
fiFiYI
fiFiYi
fiFifI
fiFifi
fiFii
fiFirI
fiFiri
fiFitI
fiFiti
fiFiyI
fiFiyi
fiIFI
fiIFi
fiII
fiIRI
fiIRi
fiITI
fiITi
fiIYI
fiIYi
fiIfI
fiIfi
fiIi
fiIrI
fiIri
fiItI
fiIti
fiIyI
fiIyi
fiRIFI
fiRIFi
fiRII
fiRIRI
fiRIRi
fiRITI
fiRITi
fiRIYI
fiRIYi
fiRIfI
fiRIfi
fiRIi
fiRIrI
fiRIri
fiRItI
fiRIti
fiRIyI
fiRIyi
fiRiFI
fiRiFi
fiRiI
fiRiRI
fiRiRi
fiRiTI
fiRiTi
fiRiYI
fiRiYi
fiRifI
fiRifi
fiRii
fiRirI
fiRiri
fiRitI
fiRiti
fiRiyI
fiRiyi
fiTIFI
fiTIFi
fiTII
fiTIRI
fiTIRi
fiTITI
fiTITi
fiTIYI
fiTIYi
fiTIfI
fiTIfi
fiTIi
fiTIrI
fiTIri
fiTItI
fiTIti
fiTIyI
fiTIyi
fiTiFI
fiTiFi
fiTiI
fiTiRI
fiTiRi
fiTiTI
fiTiTi
fiTiYI
fiTiYi
fiTifI
fiTifi
fiTii
fiTirI
fiTiri
fiTitI
fiTiti
fiTiyI
fiTiyi
fiYIFI
fiYIFi
fiYII
fiYIRI
fiYIRi
fiYITI
fiYITi
fiYIYI
fiYIYi
fiYIfI
fiYIfi
fiYIi
fiYIrI
fiYIri
fiYItI
fiYIti
fiYIyI
fiYIyi
fiYiFI
fiYiFi
fiYiI
fiYiRI
fiYiRi
fiYiTI
fiYiTi
fiYiYI
fiYiYi
fiYifI
fiYifi
fiYii
fiYirI
fiYiri
fiYitI
fiYiti
fiYiyI
fiYiyi
fifIFI
fifIFi
fifII
fifIRI
fifIRi
fifITI
fifITi
fifIYI
fifIYi
fifIfI
fifIfi
fifIi
fifIrI
fifIri
fifItI
fifIti
fifIyI
fifIyi
fifiFI
fifiFi
fifiI
fifiRI
fifiRi
fifiTI
fifiTi
fifiYI
fifiYi
fififI
fififi
fifii
fifirI
fifiri
fifitI
fifiti
fifiyI
fifiyi
fiiFI
fiiFi
fiiI
fiiRI
fiiRi
fiiTI
fiiTi
fiiYI
fiiYi
fiifI
fiifi
fiii
fiirI
fiiri
fiitI
fiiti
fiiyI
fiiyi
firIFI
firIFi
firII
firIRI
firIRi
firITI
firITi
firIYI
firIYi
firIfI
firIfi
firIi
firIrI
firIri
firItI
firIti
firIyI
firIyi
firiFI
firiFi
firiI
firiRI
firiRi
firiTI
firiTi
firiYI
firiYi
firifI
firifi
firii
firirI
firiri
firitI
firiti
firiyI
firiyi
fitIFI
fitIFi
fitII
fitIRI
fitIRi
fitITI
fitITi
fitIYI
fitIYi
fitIfI
fitIfi
fitIi
fitIrI
fitIri
fitItI
fitIti
fitIyI
fitIyi
fitiFI
fitiFi
fitiI
fitiRI
fitiRi
fitiTI
fitiTi
fitiYI
fitiYi
fitifI
fitifi
fitii
fitirI
fitiri
fititI
fititi
fitiyI
fitiyi
fiyIFI
fiyIFi
fiyII
fiyIRI
fiyIRi
fiyITI
fiyITi
fiyIYI
fiyIYi
fiyIfI
fiyIfi
fiyIi
fiyIrI
fiyIri
fiyItI
fiyIti
fiyIyI
fiyIyi
fiyiFI
fiyiFi
fiyiI
fiyiRI
fiyiRi
fiyiTI
fiyiTi
fiyiYI
fiyiYi
fiyifI
fiyifi
fiyii
fiyirI
fiyiri
fiyitI
fiyiti
fiyiyI
fiyiyi
rIFIFI
rIFIFi
rIFII
rIFIRI
rIFIRi
rIFITI
rIFITi
rIFIYI
rIFIYi
rIFIfI
rIFIfi
rIFIi
rIFIrI
rIFIri
rIFItI
rIFIti
rIFIyI
rIFIyi
rIFiFI
rIFiFi
rIFiI
rIFiRI
rIFiRi
rIFiTI
rIFiTi
rIFiYI
rIFiYi
rIFifI
rIFifi
rIFii
rIFirI
rIFiri
rIFitI
rIFiti
rIFiyI
rIFiyi
rIIFI
rIIFi
rIII
rIIRI
rIIRi
rIITI
rIITi
rIIYI
rIIYi
rIIfI
rIIfi
rIIi
rIIrI
rIIri
rIItI
rIIti
rIIyI
rIIyi
rIRIFI
rIRIFi
rIRII
rIRIRI
rIRIRi
rIRITI
rIRITi
rIRIYI
rIRIYi
rIRIfI
rIRIfi
rIRIi
rIRIrI
rIRIri
rIRItI
rIRIti
rIRIyI
rIRIyi
rIRiFI
rIRiFi
rIRiI
rIRiRI
rIRiRi
rIRiTI
rIRiTi
rIRiYI
rIRiYi
rIRifI
rIRifi
rIRii
rIRirI
rIRiri
rIRitI
rIRiti
rIRiyI
rIRiyi
rITIFI
rITIFi
rITII
rITIRI
rITIRi
rITITI
rITITi
rITIYI
rITIYi
rITIfI
rITIfi
rITIi
rITIrI
rITIri
rITItI
rITIti
rITIyI
rITIyi
rITiFI
rITiFi
rITiI
rITiRI
rITiRi
rITiTI
rITiTi
rITiYI
rITiYi
rITifI
rITifi
rITii
rITirI
rITiri
rITitI
rITiti
rITiyI
rITiyi
rIYIFI
rIYIFi
rIYII
rIYIRI
rIYIRi
rIYITI
rIYITi
rIYIYI
rIYIYi
rIYIfI
rIYIfi
rIYIi
rIYIrI
rIYIri
rIYItI
rIYIti
rIYIyI
rIYIyi
rIYiFI
rIYiFi
rIYiI
rIYiRI
rIYiRi
rIYiTI
rIYiTi
rIYiYI
rIYiYi
rIYifI
rIYifi
rIYii
rIYirI
rIYiri
rIYitI
rIYiti
rIYiyI
rIYiyi
rIfIFI
rIfIFi
rIfII
rIfIRI
rIfIRi
rIfITI
rIfITi
rIfIYI
rIfIYi
rIfIfI
rIfIfi
rIfIi
rIfIrI
rIfIri
rIfItI
rIfIti
rIfIyI
rIfIyi
rIfiFI
rIfiFi
rIfiI
rIfiRI
rIfiRi
rIfiTI
rIfiTi
rIfiYI
rIfiYi
rIfifI
rIfifi
rIfii
rIfirI
rIfiri
rIfitI
rIfiti
rIfiyI
rIfiyi
rIiFI
rIiFi
rIiI
rIiRI
rIiRi
rIiTI
rIiTi
rIiYI
rIiYi
rIifI
rIifi
rIii
rIirI
rIiri
rIitI
rIiti
rIiyI
rIiyi
rIrIFI
rIrIFi
rIrII
rIrIRI
rIrIRi
rIrITI
rIrITi
rIrIYI
rIrIYi
rIrIfI
rIrIfi
rIrIi
rIrIrI
rIrIri
rIrItI
rIrIti
rIrIyI
rIrIyi
rIriFI
rIriFi
rIriI
rIriRI
rIriRi
rIriTI
rIriTi
rIriYI
rIriYi
rIrifI
rIrifi
rIrii
rIrirI
rIriri
rIritI
rIriti
rIriyI
rIriyi
rItIFI
rItIFi
rItII
rItIRI
rItIRi
rItITI
rItITi
rItIYI
rItIYi
rItIfI
rItIfi
rItIi
rItIrI
rItIri
rItItI
rItIti
rItIyI
rItIyi
rItiFI
rItiFi
rItiI
rItiRI
rItiRi
rItiTI
rItiTi
rItiYI
rItiYi
rItifI
rItifi
rItii
rItirI
rItiri
rItitI
rItiti
rItiyI
rItiyi
rIyIFI
rIyIFi
rIyII
rIyIRI
rIyIRi
rIyITI
rIyITi
rIyIYI
rIyIYi
rIyIfI
rIyIfi
rIyIi
rIyIrI
rIyIri
rIyItI
rIyIti
rIyIyI
rIyIyi
rIyiFI
rIyiFi
rIyiI
rIyiRI
rIyiRi
rIyiTI
rIyiTi
rIyiYI
rIyiYi
rIyifI
rIyifi
rIyii
rIyirI
rIyiri
rIyitI
rIyiti
rIyiyI
rIyiyi
riFIFI
riFIFi
riFII
riFIRI
riFIRi
riFITI
riFITi
riFIYI
riFIYi
riFIfI
riFIfi
riFIi
riFIrI
riFIri
riFItI
riFIti
riFIyI
riFIyi
riFiFI
riFiFi
riFiI
riFiRI
riFiRi
riFiTI
riFiTi
riFiYI
riFiYi
riFifI
riFifi
riFii
riFirI
riFiri
riFitI
riFiti
riFiyI
riFiyi
riIFI
riIFi
riII
riIRI
riIRi
riITI
riITi
riIYI
riIYi
riIfI
riIfi
riIi
riIrI
riIri
riItI
riIti
riIyI
riIyi
riRIFI
riRIFi
riRII
riRIRI
riRIRi
riRITI
riRITi
riRIYI
riRIYi
riRIfI
riRIfi
riRIi
riRIrI
riRIri
riRItI
riRIti
riRIyI
riRIyi
riRiFI
riRiFi
riRiI
riRiRI
riRiRi
riRiTI
riRiTi
riRiYI
riRiYi
riRifI
riRifi
riRii
riRirI
riRiri
riRitI
riRiti
riRiyI
riRiyi
riTIFI
riTIFi
riTII
riTIRI
riTIRi
riTITI
riTITi
riTIYI
riTIYi
riTIfI
riTIfi
riTIi
riTIrI
riTIri
riTItI
riTIti
riTIyI
riTIyi
riTiFI
riTiFi
riTiI
riTiRI
riTiRi
riTiTI
riTiTi
riTiYI
riTiYi
riTifI
riTifi
riTii
riTirI
riTiri
riTitI
riTiti
riTiyI
riTiyi
riYIFI
riYIFi
riYII
riYIRI
riYIRi
riYITI
riYITi
riYIYI
riYIYi
riYIfI
riYIfi
riYIi
riYIrI
riYIri
riYItI
riYIti
riYIyI
riYIyi
riYiFI
riYiFi
riYiI
riYiRI
riYiRi
riYiTI
riYiTi
riYiYI
riYiYi
riYifI
riYifi
riYii
riYirI
riYiri
riYitI
riYiti
riYiyI
riYiyi
rifIFI
rifIFi
rifII
rifIRI
rifIRi
rifITI
rifITi
rifIYI
rifIYi
rifIfI
rifIfi
rifIi
rifIrI
rifIri
rifItI
rifIti
rifIyI
rifIyi
rifiFI
rifiFi
rifiI
rifiRI
rifiRi
rifiTI
rifiTi
rifiYI
rifiYi
rififI
rififi
rifii
rifirI
rifiri
rifitI
rifiti
rifiyI
rifiyi
riiFI
riiFi
riiI
riiRI
riiRi
riiTI
riiTi
riiYI
riiYi
riifI
riifi
riii
riirI
riiri
riitI
riiti
riiyI
riiyi
rirIFI
rirIFi
rirII
rirIRI
rirIRi
rirITI
rirITi
rirIYI
rirIYi
rirIfI
rirIfi
rirIi
rirIrI
rirIri
rirItI
rirIti
rirIyI
rirIyi
ririFI
ririFi
ririI
ririRI
ririRi
ririTI
ririTi
ririYI
ririYi
ririfI
ririfi
ririi
ririrI
ririri
riritI
ririti
ririyI
ririyi
ritIFI
ritIFi
ritII
ritIRI
ritIRi
ritITI
ritITi
ritIYI
ritIYi
ritIfI
ritIfi
ritIi
ritIrI
ritIri
ritItI
ritIti
ritIyI
ritIyi
ritiFI
ritiFi
ritiI
ritiRI
ritiRi
ritiTI
ritiTi
ritiYI
ritiYi
ritifI
ritifi
ritii
ritirI
ritiri
rititI
rititi
ritiyI
ritiyi
riyIFI
riyIFi
riyII
riyIRI
riyIRi
riyITI
riyITi
riyIYI
riyIYi
riyIfI
riyIfi
riyIi
riyIrI
riyIri
riyItI
riyIti
riyIyI
riyIyi
riyiFI
riyiFi
riyiI
riyiRI
riyiRi
riyiTI
riyiTi
riyiYI
riyiYi
riyifI
riyifi
riyii
riyirI
riyiri
riyitI
riyiti
riyiyI
riyiyi
tIFIFI
tIFIFi
tIFII
tIFIRI
tIFIRi
tIFITI
tIFITi
tIFIYI
tIFIYi
tIFIfI
tIFIfi
tIFIi
tIFIrI
tIFIri
tIFItI
tIFIti
tIFIyI
tIFIyi
tIFiFI
tIFiFi
tIFiI
tIFiRI
tIFiRi
tIFiTI
tIFiTi
tIFiYI
tIFiYi
tIFifI
tIFifi
tIFii
tIFirI
tIFiri
tIFitI
tIFiti
tIFiyI
tIFiyi
tIIFI
tIIFi
tIII
tIIRI
tIIRi
tIITI
tIITi
tIIYI
tIIYi
tIIfI
tIIfi
tIIi
tIIrI
tIIri
tIItI
tIIti
tIIyI
tIIyi
tIRIFI
tIRIFi
tIRII
tIRIRI
tIRIRi
tIRITI
tIRITi
tIRIYI
tIRIYi
tIRIfI
tIRIfi
tIRIi
tIRIrI
tIRIri
tIRItI
tIRIti
tIRIyI
tIRIyi
tIRiFI
tIRiFi
tIRiI
tIRiRI
tIRiRi
tIRiTI
tIRiTi
tIRiYI
tIRiYi
tIRifI
tIRifi
tIRii
tIRirI
tIRiri
tIRitI
tIRiti
tIRiyI
tIRiyi
tITIFI
tITIFi
tITII
tITIRI
tITIRi
tITITI
tITITi
tITIYI
tITIYi
tITIfI
tITIfi
tITIi
tITIrI
tITIri
tITItI
tITIti
tITIyI
tITIyi
tITiFI
tITiFi
tITiI
tITiRI
tITiRi
tITiTI
tITiTi
tITiYI
tITiYi
tITifI
tITifi
tITii
tITirI
tITiri
tITitI
tITiti
tITiyI
tITiyi
tIYIFI
tIYIFi
tIYII
tIYIRI
tIYIRi
tIYITI
tIYITi
tIYIYI
tIYIYi
tIYIfI
tIYIfi
tIYIi
tIYIrI
tIYIri
tIYItI
tIYIti
tIYIyI
tIYIyi
tIYiFI
tIYiFi
tIYiI
tIYiRI
tIYiRi
tIYiTI
tIYiTi
tIYiYI
tIYiYi
tIYifI
tIYifi
tIYii
tIYirI
tIYiri
tIYitI
tIYiti
tIYiyI
tIYiyi
tIfIFI
tIfIFi
tIfII
tIfIRI
tIfIRi
tIfITI
tIfITi
tIfIYI
tIfIYi
tIfIfI
tIfIfi
tIfIi
tIfIrI
tIfIri
tIfItI
tIfIti
tIfIyI
tIfIyi
tIfiFI
tIfiFi
tIfiI
tIfiRI
tIfiRi
tIfiTI
tIfiTi
tIfiYI
tIfiYi
tIfifI
tIfifi
tIfii
tIfirI
tIfiri
tIfitI
tIfiti
tIfiyI
tIfiyi
tIiFI
tIiFi
tIiI
tIiRI
tIiRi
tIiTI
tIiTi
tIiYI
tIiYi
tIifI
tIifi
tIii
tIirI
tIiri
tIitI
tIiti
tIiyI
tIiyi
tIrIFI
tIrIFi
tIrII
tIrIRI
tIrIRi
tIrITI
tIrITi
tIrIYI
tIrIYi
tIrIfI
tIrIfi
tIrIi
tIrIrI
tIrIri
tIrItI
tIrIti
tIrIyI
tIrIyi
tIriFI
tIriFi
tIriI
tIriRI
tIriRi
tIriTI
tIriTi
tIriYI
tIriYi
tIrifI
tIrifi
tIrii
tIrirI
tIriri
tIritI
tIriti
tIriyI
tIriyi
tItIFI
tItIFi
tItII
tItIRI
tItIRi
tItITI
tItITi
tItIYI
tItIYi
tItIfI
tItIfi
tItIi
tItIrI
tItIri
tItItI
tItIti
tItIyI
tItIyi
tItiFI
tItiFi
tItiI
tItiRI
tItiRi
tItiTI
tItiTi
tItiYI
tItiYi
tItifI
tItifi
tItii
tItirI
tItiri
tItitI
tItiti
tItiyI
tItiyi
tIyIFI
tIyIFi
tIyII
tIyIRI
tIyIRi
tIyITI
tIyITi
tIyIYI
tIyIYi
tIyIfI
tIyIfi
tIyIi
tIyIrI
tIyIri
tIyItI
tIyIti
tIyIyI
tIyIyi
tIyiFI
tIyiFi
tIyiI
tIyiRI
tIyiRi
tIyiTI
tIyiTi
tIyiYI
tIyiYi
tIyifI
tIyifi
tIyii
tIyirI
tIyiri
tIyitI
tIyiti
tIyiyI
tIyiyi
tiFIFI
tiFIFi
tiFII
tiFIRI
tiFIRi
tiFITI
tiFITi
tiFIYI
tiFIYi
tiFIfI
tiFIfi
tiFIi
tiFIrI
tiFIri
tiFItI
tiFIti
tiFIyI
tiFIyi
tiFiFI
tiFiFi
tiFiI
tiFiRI
tiFiRi
tiFiTI
tiFiTi
tiFiYI
tiFiYi
tiFifI
tiFifi
tiFii
tiFirI
tiFiri
tiFitI
tiFiti
tiFiyI
tiFiyi
tiIFI
tiIFi
tiII
tiIRI
tiIRi
tiITI
tiITi
tiIYI
tiIYi
tiIfI
tiIfi
tiIi
tiIrI
tiIri
tiItI
tiIti
tiIyI
tiIyi
tiRIFI
tiRIFi
tiRII
tiRIRI
tiRIRi
tiRITI
tiRITi
tiRIYI
tiRIYi
tiRIfI
tiRIfi
tiRIi
tiRIrI
tiRIri
tiRItI
tiRIti
tiRIyI
tiRIyi
tiRiFI
tiRiFi
tiRiI
tiRiRI
tiRiRi
tiRiTI
tiRiTi
tiRiYI
tiRiYi
tiRifI
tiRifi
tiRii
tiRirI
tiRiri
tiRitI
tiRiti
tiRiyI
tiRiyi
tiTIFI
tiTIFi
tiTII
tiTIRI
tiTIRi
tiTITI
tiTITi
tiTIYI
tiTIYi
tiTIfI
tiTIfi
tiTIi
tiTIrI
tiTIri
tiTItI
tiTIti
tiTIyI
tiTIyi
tiTiFI
tiTiFi
tiTiI
tiTiRI
tiTiRi
tiTiTI
tiTiTi
tiTiYI
tiTiYi
tiTifI
tiTifi
tiTii
tiTirI
tiTiri
tiTitI
tiTiti
tiTiyI
tiTiyi
tiYIFI
tiYIFi
tiYII
tiYIRI
tiYIRi
tiYITI
tiYITi
tiYIYI
tiYIYi
tiYIfI
tiYIfi
tiYIi
tiYIrI
tiYIri
tiYItI
tiYIti
tiYIyI
tiYIyi
tiYiFI
tiYiFi
tiYiI
tiYiRI
tiYiRi
tiYiTI
tiYiTi
tiYiYI
tiYiYi
tiYifI
tiYifi
tiYii
tiYirI
tiYiri
tiYitI
tiYiti
tiYiyI
tiYiyi
tifIFI
tifIFi
tifII
tifIRI
tifIRi
tifITI
tifITi
tifIYI
tifIYi
tifIfI
tifIfi
tifIi
tifIrI
tifIri
tifItI
tifIti
tifIyI
tifIyi
tifiFI
tifiFi
tifiI
tifiRI
tifiRi
tifiTI
tifiTi
tifiYI
tifiYi
tififI
tififi
tifii
tifirI
tifiri
tifitI
tifiti
tifiyI
tifiyi
tiiFI
tiiFi
tiiI
tiiRI
tiiRi
tiiTI
tiiTi
tiiYI
tiiYi
tiifI
tiifi
tiii
tiirI
tiiri
tiitI
tiiti
tiiyI
tiiyi
tirIFI
tirIFi
tirII
tirIRI
tirIRi
tirITI
tirITi
tirIYI
tirIYi
tirIfI
tirIfi
tirIi
tirIrI
tirIri
tirItI
tirIti
tirIyI
tirIyi
tiriFI
tiriFi
tiriI
tiriRI
tiriRi
tiriTI
tiriTi
tiriYI
tiriYi
tirifI
tirifi
tirii
tirirI
tiriri
tiritI
tiriti
tiriyI
tiriyi
titIFI
titIFi
titII
titIRI
titIRi
titITI
titITi
titIYI
titIYi
titIfI
titIfi
titIi
titIrI
titIri
titItI
titIti
titIyI
titIyi
titiFI
titiFi
titiI
titiRI
titiRi
titiTI
titiTi
titiYI
titiYi
titifI
titifi
titii
titirI
titiri
tititI
tititi
titiyI
titiyi
tiyIFI
tiyIFi
tiyII
tiyIRI
tiyIRi
tiyITI
tiyITi
tiyIYI
tiyIYi
tiyIfI
tiyIfi
tiyIi
tiyIrI
tiyIri
tiyItI
tiyIti
tiyIyI
tiyIyi
tiyiFI
tiyiFi
tiyiI
tiyiRI
tiyiRi
tiyiTI
tiyiTi
tiyiYI
tiyiYi
tiyifI
tiyifi
tiyii
tiyirI
tiyiri
tiyitI
tiyiti
tiyiyI
tiyiyi
yIFIFI
yIFIFi
yIFII
yIFIRI
yIFIRi
yIFITI
yIFITi
yIFIYI
yIFIYi
yIFIfI
yIFIfi
yIFIi
yIFIrI
yIFIri
yIFItI
yIFIti
yIFIyI
yIFIyi
yIFiFI
yIFiFi
yIFiI
yIFiRI
yIFiRi
yIFiTI
yIFiTi
yIFiYI
yIFiYi
yIFifI
yIFifi
yIFii
yIFirI
yIFiri
yIFitI
yIFiti
yIFiyI
yIFiyi
yIIFI
yIIFi
yIII
yIIRI
yIIRi
yIITI
yIITi
yIIYI
yIIYi
yIIfI
yIIfi
yIIi
yIIrI
yIIri
yIItI
yIIti
yIIyI
yIIyi
yIRIFI
yIRIFi
yIRII
yIRIRI
yIRIRi
yIRITI
yIRITi
yIRIYI
yIRIYi
yIRIfI
yIRIfi
yIRIi
yIRIrI
yIRIri
yIRItI
yIRIti
yIRIyI
yIRIyi
yIRiFI
yIRiFi
yIRiI
yIRiRI
yIRiRi
yIRiTI
yIRiTi
yIRiYI
yIRiYi
yIRifI
yIRifi
yIRii
yIRirI
yIRiri
yIRitI
yIRiti
yIRiyI
yIRiyi
yITIFI
yITIFi
yITII
yITIRI
yITIRi
yITITI
yITITi
yITIYI
yITIYi
yITIfI
yITIfi
yITIi
yITIrI
yITIri
yITItI
yITIti
yITIyI
yITIyi
yITiFI
yITiFi
yITiI
yITiRI
yITiRi
yITiTI
yITiTi
yITiYI
yITiYi
yITifI
yITifi
yITii
yITirI
yITiri
yITitI
yITiti
yITiyI
yITiyi
yIYIFI
yIYIFi
yIYII
yIYIRI
yIYIRi
yIYITI
yIYITi
yIYIYI
yIYIYi
yIYIfI
yIYIfi
yIYIi
yIYIrI
yIYIri
yIYItI
yIYIti
yIYIyI
yIYIyi
yIYiFI
yIYiFi
yIYiI
yIYiRI
yIYiRi
yIYiTI
yIYiTi
yIYiYI
yIYiYi
yIYifI
yIYifi
yIYii
yIYirI
yIYiri
yIYitI
yIYiti
yIYiyI
yIYiyi
yIfIFI
yIfIFi
yIfII
yIfIRI
yIfIRi
yIfITI
yIfITi
yIfIYI
yIfIYi
yIfIfI
yIfIfi
yIfIi
yIfIrI
yIfIri
yIfItI
yIfIti
yIfIyI
yIfIyi
yIfiFI
yIfiFi
yIfiI
yIfiRI
yIfiRi
yIfiTI
yIfiTi
yIfiYI
yIfiYi
yIfifI
yIfifi
yIfii
yIfirI
yIfiri
yIfitI
yIfiti
yIfiyI
yIfiyi
yIiFI
yIiFi
yIiI
yIiRI
yIiRi
yIiTI
yIiTi
yIiYI
yIiYi
yIifI
yIifi
yIii
yIirI
yIiri
yIitI
yIiti
yIiyI
yIiyi
yIrIFI
yIrIFi
yIrII
yIrIRI
yIrIRi
yIrITI
yIrITi
yIrIYI
yIrIYi
yIrIfI
yIrIfi
yIrIi
yIrIrI
yIrIri
yIrItI
yIrIti
yIrIyI
yIrIyi
yIriFI
yIriFi
yIriI
yIriRI
yIriRi
yIriTI
yIriTi
yIriYI
yIriYi
yIrifI
yIrifi
yIrii
yIrirI
yIriri
yIritI
yIriti
yIriyI
yIriyi
yItIFI
yItIFi
yItII
yItIRI
yItIRi
yItITI
yItITi
yItIYI
yItIYi
yItIfI
yItIfi
yItIi
yItIrI
yItIri
yItItI
yItIti
yItIyI
yItIyi
yItiFI
yItiFi
yItiI
yItiRI
yItiRi
yItiTI
yItiTi
yItiYI
yItiYi
yItifI
yItifi
yItii
yItirI
yItiri
yItitI
yItiti
yItiyI
yItiyi
yIyIFI
yIyIFi
yIyII
yIyIRI
yIyIRi
yIyITI
yIyITi
yIyIYI
yIyIYi
yIyIfI
yIyIfi
yIyIi
yIyIrI
yIyIri
yIyItI
yIyIti
yIyIyI
yIyIyi
yIyiFI
yIyiFi
yIyiI
yIyiRI
yIyiRi
yIyiTI
yIyiTi
yIyiYI
yIyiYi
yIyifI
yIyifi
yIyii
yIyirI
yIyiri
yIyitI
yIyiti
yIyiyI
yIyiyi
yiFIFI
yiFIFi
yiFII
yiFIRI
yiFIRi
yiFITI
yiFITi
yiFIYI
yiFIYi
yiFIfI
yiFIfi
yiFIi
yiFIrI
yiFIri
yiFItI
yiFIti
yiFIyI
yiFIyi
yiFiFI
yiFiFi
yiFiI
yiFiRI
yiFiRi
yiFiTI
yiFiTi
yiFiYI
yiFiYi
yiFifI
yiFifi
yiFii
yiFirI
yiFiri
yiFitI
yiFiti
yiFiyI
yiFiyi
yiIFI
yiIFi
yiII
yiIRI
yiIRi
yiITI
yiITi
yiIYI
yiIYi
yiIfI
yiIfi
yiIi
yiIrI
yiIri
yiItI
yiIti
yiIyI
yiIyi
yiRIFI
yiRIFi
yiRII
yiRIRI
yiRIRi
yiRITI
yiRITi
yiRIYI
yiRIYi
yiRIfI
yiRIfi
yiRIi
yiRIrI
yiRIri
yiRItI
yiRIti
yiRIyI
yiRIyi
yiRiFI
yiRiFi
yiRiI
yiRiRI
yiRiRi
yiRiTI
yiRiTi
yiRiYI
yiRiYi
yiRifI
yiRifi
yiRii
yiRirI
yiRiri
yiRitI
yiRiti
yiRiyI
yiRiyi
yiTIFI
yiTIFi
yiTII
yiTIRI
yiTIRi
yiTITI
yiTITi
yiTIYI
yiTIYi
yiTIfI
yiTIfi
yiTIi
yiTIrI
yiTIri
yiTItI
yiTIti
yiTIyI
yiTIyi
yiTiFI
yiTiFi
yiTiI
yiTiRI
yiTiRi
yiTiTI
yiTiTi
yiTiYI
yiTiYi
yiTifI
yiTifi
yiTii
yiTirI
yiTiri
yiTitI
yiTiti
yiTiyI
yiTiyi
yiYIFI
yiYIFi
yiYII
yiYIRI
yiYIRi
yiYITI
yiYITi
yiYIYI
yiYIYi
yiYIfI
yiYIfi
yiYIi
yiYIrI
yiYIri
yiYItI
yiYIti
yiYIyI
yiYIyi
yiYiFI
yiYiFi
yiYiI
yiYiRI
yiYiRi
yiYiTI
yiYiTi
yiYiYI
yiYiYi
yiYifI
yiYifi
yiYii
yiYirI
yiYiri
yiYitI
yiYiti
yiYiyI
yiYiyi
yifIFI
yifIFi
yifII
yifIRI
yifIRi
yifITI
yifITi
yifIYI
yifIYi
yifIfI
yifIfi
yifIi
yifIrI
yifIri
yifItI
yifIti
yifIyI
yifIyi
yifiFI
yifiFi
yifiI
yifiRI
yifiRi
yifiTI
yifiTi
yifiYI
yifiYi
yififI
yififi
yifii
yifirI
yifiri
yifitI
yifiti
yifiyI
yifiyi
yiiFI
yiiFi
yiiI
yiiRI
yiiRi
yiiTI
yiiTi
yiiYI
yiiYi
yiifI
yiifi
yiii
yiirI
yiiri
yiitI
yiiti
yiiyI
yiiyi
yirIFI
yirIFi
yirII
yirIRI
yirIRi
yirITI
yirITi
yirIYI
yirIYi
yirIfI
yirIfi
yirIi
yirIrI
yirIri
yirItI
yirIti
yirIyI
yirIyi
yiriFI
yiriFi
yiriI
yiriRI
yiriRi
yiriTI
yiriTi
yiriYI
yiriYi
yirifI
yirifi
yirii
yirirI
yiriri
yiritI
yiriti
yiriyI
yiriyi
yitIFI
yitIFi
yitII
yitIRI
yitIRi
yitITI
yitITi
yitIYI
yitIYi
yitIfI
yitIfi
yitIi
yitIrI
yitIri
yitItI
yitIti
yitIyI
yitIyi
yitiFI
yitiFi
yitiI
yitiRI
yitiRi
yitiTI
yitiTi
yitiYI
yitiYi
yitifI
yitifi
yitii
yitirI
yitiri
yititI
yititi
yitiyI
yitiyi
yiyIFI
yiyIFi
yiyII
yiyIRI
yiyIRi
yiyITI
yiyITi
yiyIYI
yiyIYi
yiyIfI
yiyIfi
yiyIi
yiyIrI
yiyIri
yiyItI
yiyIti
yiyIyI
yiyIyi
yiyiFI
yiyiFi
yiyiI
yiyiRI
yiyiRi
yiyiTI
yiyiTi
yiyiYI
yiyiYi
yiyifI
yiyifi
yiyii
yiyirI
yiyiri
yiyitI
yiyiti
yiyiyI
yiyiyi
